# JRE version: OpenJDK Runtime Environment (8.0_242-b01) (build 1.8.0_242-release-1644-b01)
# Java VM: OpenJDK 64-Bit Server VM (25.242-b01 mixed mode windows-amd64 compressed oops)
Heap:
 PSYoungGen      total 276992K, used 50153K [0x00000000d5580000, 0x00000000ef880000, 0x0000000100000000)
  eden space 261120K, 19% used [0x00000000d5580000,0x00000000d867a7f0,0x00000000e5480000)
  from space 15872K, 0% used [0x00000000e5480000,0x00000000e5480000,0x00000000e6400000)
  to   space 15360K, 0% used [0x00000000ee980000,0x00000000ee980000,0x00000000ef880000)
 ParOldGen       total 82944K, used 15296K [0x0000000080000000, 0x0000000085100000, 0x00000000d5580000)
  object space 82944K, 18% used [0x0000000080000000,0x0000000080ef0030,0x0000000085100000)
 Metaspace       used 36254K, capacity 37638K, committed 37936K, reserved 1081344K
  class space    used 5006K, capacity 5324K, committed 5424K, reserved 1048576K
GC Heap History (10 events):
Event: 2.324 GC heap before
{Heap before GC invocations=5 (full 0):
 PSYoungGen      total 138240K, used 8555K [0x00000000d5580000, 0x00000000de180000, 0x0000000100000000)
  eden space 133120K, 2% used [0x00000000d5580000,0x00000000d58ddf58,0x00000000dd780000)
  from space 5120K, 99% used [0x00000000ddc80000,0x00000000de17d040,0x00000000de180000)
  to   space 5120K, 0% used [0x00000000dd780000,0x00000000dd780000,0x00000000ddc80000)
 ParOldGen       total 87552K, used 11261K [0x0000000080000000, 0x0000000085580000, 0x00000000d5580000)
  object space 87552K, 12% used [0x0000000080000000,0x0000000080aff4b8,0x0000000085580000)
 Metaspace       used 20687K, capacity 21248K, committed 21296K, reserved 1067008K
  class space    used 2907K, capacity 3116K, committed 3120K, reserved 1048576K
Event: 2.331 GC heap after
Heap after GC invocations=5 (full 0):
 PSYoungGen      total 138240K, used 5088K [0x00000000d5580000, 0x00000000e7380000, 0x0000000100000000)
  eden space 133120K, 0% used [0x00000000d5580000,0x00000000d5580000,0x00000000dd780000)
  from space 5120K, 99% used [0x00000000dd780000,0x00000000ddc78030,0x00000000ddc80000)
  to   space 13312K, 0% used [0x00000000e6680000,0x00000000e6680000,0x00000000e7380000)
 ParOldGen       total 87552K, used 11547K [0x0000000080000000, 0x0000000085580000, 0x00000000d5580000)
  object space 87552K, 13% used [0x0000000080000000,0x0000000080b46dd8,0x0000000085580000)
 Metaspace       used 20687K, capacity 21248K, committed 21296K, reserved 1067008K
  class space    used 2907K, capacity 3116K, committed 3120K, reserved 1048576K
}
Event: 2.331 GC heap before
{Heap before GC invocations=6 (full 1):
 PSYoungGen      total 138240K, used 5088K [0x00000000d5580000, 0x00000000e7380000, 0x0000000100000000)
  eden space 133120K, 0% used [0x00000000d5580000,0x00000000d5580000,0x00000000dd780000)
  from space 5120K, 99% used [0x00000000dd780000,0x00000000ddc78030,0x00000000ddc80000)
  to   space 13312K, 0% used [0x00000000e6680000,0x00000000e6680000,0x00000000e7380000)
 ParOldGen       total 87552K, used 11547K [0x0000000080000000, 0x0000000085580000, 0x00000000d5580000)
  object space 87552K, 13% used [0x0000000080000000,0x0000000080b46dd8,0x0000000085580000)
 Metaspace       used 20687K, capacity 21248K, committed 21296K, reserved 1067008K
  class space    used 2907K, capacity 3116K, committed 3120K, reserved 1048576K
Event: 2.376 GC heap after
Heap after GC invocations=6 (full 1):
 PSYoungGen      total 138240K, used 0K [0x00000000d5580000, 0x00000000e7380000, 0x0000000100000000)
  eden space 133120K, 0% used [0x00000000d5580000,0x00000000d5580000,0x00000000dd780000)
  from space 5120K, 0% used [0x00000000dd780000,0x00000000dd780000,0x00000000ddc80000)
  to   space 13312K, 0% used [0x00000000e6680000,0x00000000e6680000,0x00000000e7380000)
 ParOldGen       total 55296K, used 7000K [0x0000000080000000, 0x0000000083600000, 0x00000000d5580000)
  object space 55296K, 12% used [0x0000000080000000,0x00000000806d6270,0x0000000083600000)
 Metaspace       used 20687K, capacity 21248K, committed 21296K, reserved 1067008K
  class space    used 2907K, capacity 3116K, committed 3120K, reserved 1048576K
}
Event: 3.380 GC heap before
{Heap before GC invocations=7 (full 1):
 PSYoungGen      total 138240K, used 133120K [0x00000000d5580000, 0x00000000e7380000, 0x0000000100000000)
  eden space 133120K, 100% used [0x00000000d5580000,0x00000000dd780000,0x00000000dd780000)
  from space 5120K, 0% used [0x00000000dd780000,0x00000000dd780000,0x00000000ddc80000)
  to   space 13312K, 0% used [0x00000000e6680000,0x00000000e6680000,0x00000000e7380000)
 ParOldGen       total 55296K, used 7000K [0x0000000080000000, 0x0000000083600000, 0x00000000d5580000)
  object space 55296K, 12% used [0x0000000080000000,0x00000000806d6270,0x0000000083600000)
 Metaspace       used 32424K, capacity 33236K, committed 33456K, reserved 1077248K
  class space    used 4437K, capacity 4673K, committed 4784K, reserved 1048576K
Event: 3.394 GC heap after
Heap after GC invocations=7 (full 1):
 PSYoungGen      total 245760K, used 13290K [0x00000000d5580000, 0x00000000e7380000, 0x0000000100000000)
  eden space 232448K, 0% used [0x00000000d5580000,0x00000000d5580000,0x00000000e3880000)
  from space 13312K, 99% used [0x00000000e6680000,0x00000000e737aa80,0x00000000e7380000)
  to   space 15872K, 0% used [0x00000000e5480000,0x00000000e5480000,0x00000000e6400000)
 ParOldGen       total 55296K, used 7180K [0x0000000080000000, 0x0000000083600000, 0x00000000d5580000)
  object space 55296K, 12% used [0x0000000080000000,0x0000000080703020,0x0000000083600000)
 Metaspace       used 32424K, capacity 33236K, committed 33456K, reserved 1077248K
  class space    used 4437K, capacity 4673K, committed 4784K, reserved 1048576K
}
Event: 3.658 GC heap before
{Heap before GC invocations=8 (full 1):
 PSYoungGen      total 245760K, used 59338K [0x00000000d5580000, 0x00000000e7380000, 0x0000000100000000)
  eden space 232448K, 19% used [0x00000000d5580000,0x00000000d8277ef0,0x00000000e3880000)
  from space 13312K, 99% used [0x00000000e6680000,0x00000000e737aa80,0x00000000e7380000)
  to   space 15872K, 0% used [0x00000000e5480000,0x00000000e5480000,0x00000000e6400000)
 ParOldGen       total 55296K, used 7180K [0x0000000080000000, 0x0000000083600000, 0x00000000d5580000)
  object space 55296K, 12% used [0x0000000080000000,0x0000000080703020,0x0000000083600000)
 Metaspace       used 34556K, capacity 35398K, committed 35496K, reserved 1079296K
  class space    used 4746K, capacity 4972K, committed 5040K, reserved 1048576K
Event: 3.665 GC heap after
Heap after GC invocations=8 (full 1):
 PSYoungGen      total 276992K, used 8904K [0x00000000d5580000, 0x00000000ef880000, 0x0000000100000000)
  eden space 261120K, 0% used [0x00000000d5580000,0x00000000d5580000,0x00000000e5480000)
  from space 15872K, 56% used [0x00000000e5480000,0x00000000e5d320d8,0x00000000e6400000)
  to   space 15360K, 0% used [0x00000000ee980000,0x00000000ee980000,0x00000000ef880000)
 ParOldGen       total 55296K, used 7188K [0x0000000080000000, 0x0000000083600000, 0x00000000d5580000)
  object space 55296K, 12% used [0x0000000080000000,0x0000000080705020,0x0000000083600000)
 Metaspace       used 34556K, capacity 35398K, committed 35496K, reserved 1079296K
  class space    used 4746K, capacity 4972K, committed 5040K, reserved 1048576K
}
Event: 3.665 GC heap before
{Heap before GC invocations=9 (full 2):
 PSYoungGen      total 276992K, used 8904K [0x00000000d5580000, 0x00000000ef880000, 0x0000000100000000)
  eden space 261120K, 0% used [0x00000000d5580000,0x00000000d5580000,0x00000000e5480000)
  from space 15872K, 56% used [0x00000000e5480000,0x00000000e5d320d8,0x00000000e6400000)
  to   space 15360K, 0% used [0x00000000ee980000,0x00000000ee980000,0x00000000ef880000)
 ParOldGen       total 55296K, used 7188K [0x0000000080000000, 0x0000000083600000, 0x00000000d5580000)
  object space 55296K, 12% used [0x0000000080000000,0x0000000080705020,0x0000000083600000)
 Metaspace       used 34556K, capacity 35398K, committed 35496K, reserved 1079296K
  class space    used 4746K, capacity 4972K, committed 5040K, reserved 1048576K
Event: 3.763 GC heap after
Heap after GC invocations=9 (full 2):
 PSYoungGen      total 276992K, used 0K [0x00000000d5580000, 0x00000000ef880000, 0x0000000100000000)
  eden space 261120K, 0% used [0x00000000d5580000,0x00000000d5580000,0x00000000e5480000)
  from space 15872K, 0% used [0x00000000e5480000,0x00000000e5480000,0x00000000e6400000)
  to   space 15360K, 0% used [0x00000000ee980000,0x00000000ee980000,0x00000000ef880000)
 ParOldGen       total 82944K, used 15296K [0x0000000080000000, 0x0000000085100000, 0x00000000d5580000)
  object space 82944K, 18% used [0x0000000080000000,0x0000000080ef0030,0x0000000085100000)
 Metaspace       used 34556K, capacity 35398K, committed 35496K, reserved 1079296K
  class space    used 4746K, capacity 4972K, committed 5040K, reserved 1048576K
}

