# JRE version: OpenJDK Runtime Environment (8.0_242-b01) (build 1.8.0_242-release-1644-b01)
# Java VM: OpenJDK 64-Bit Server VM (25.242-b01 mixed mode windows-amd64 compressed oops)
Heap:
 PSYoungGen      total 115712K, used 1802K [0x00000000d5580000, 0x00000000ded00000, 0x0000000100000000)
  eden space 106496K, 1% used [0x00000000d5580000,0x00000000d57428f0,0x00000000dbd80000)
  from space 9216K, 0% used [0x00000000de400000,0x00000000de400000,0x00000000ded00000)
  to   space 13312K, 0% used [0x00000000dd300000,0x00000000dd300000,0x00000000de000000)
 ParOldGen       total 88576K, used 13492K [0x0000000080000000, 0x0000000085680000, 0x00000000d5580000)
  object space 88576K, 15% used [0x0000000080000000,0x0000000080d2d3f0,0x0000000085680000)
 Metaspace       used 34569K, capacity 35398K, committed 35496K, reserved 1079296K
  class space    used 4746K, capacity 4972K, committed 5040K, reserved 1048576K
GC Heap History (10 events):
Event: 2.208 GC heap before
{Heap before GC invocations=6 (full 1):
 PSYoungGen      total 71680K, used 5088K [0x00000000d5580000, 0x00000000df080000, 0x0000000100000000)
  eden space 66560K, 0% used [0x00000000d5580000,0x00000000d5580000,0x00000000d9680000)
  from space 5120K, 99% used [0x00000000d9680000,0x00000000d9b78020,0x00000000d9b80000)
  to   space 12800K, 0% used [0x00000000de400000,0x00000000de400000,0x00000000df080000)
 ParOldGen       total 87552K, used 10691K [0x0000000080000000, 0x0000000085580000, 0x00000000d5580000)
  object space 87552K, 12% used [0x0000000080000000,0x0000000080a70d68,0x0000000085580000)
 Metaspace       used 20585K, capacity 21212K, committed 21296K, reserved 1067008K
  class space    used 2887K, capacity 3084K, committed 3120K, reserved 1048576K
Event: 2.243 GC heap after
Heap after GC invocations=6 (full 1):
 PSYoungGen      total 71680K, used 0K [0x00000000d5580000, 0x00000000df080000, 0x0000000100000000)
  eden space 66560K, 0% used [0x00000000d5580000,0x00000000d5580000,0x00000000d9680000)
  from space 5120K, 0% used [0x00000000d9680000,0x00000000d9680000,0x00000000d9b80000)
  to   space 12800K, 0% used [0x00000000de400000,0x00000000de400000,0x00000000df080000)
 ParOldGen       total 63488K, used 11236K [0x0000000080000000, 0x0000000083e00000, 0x00000000d5580000)
  object space 63488K, 17% used [0x0000000080000000,0x0000000080af9348,0x0000000083e00000)
 Metaspace       used 20585K, capacity 21212K, committed 21296K, reserved 1067008K
  class space    used 2887K, capacity 3084K, committed 3120K, reserved 1048576K
}
Event: 2.815 GC heap before
{Heap before GC invocations=7 (full 1):
 PSYoungGen      total 71680K, used 65995K [0x00000000d5580000, 0x00000000df080000, 0x0000000100000000)
  eden space 66560K, 99% used [0x00000000d5580000,0x00000000d95f2fe0,0x00000000d9680000)
  from space 5120K, 0% used [0x00000000d9680000,0x00000000d9680000,0x00000000d9b80000)
  to   space 12800K, 0% used [0x00000000de400000,0x00000000de400000,0x00000000df080000)
 ParOldGen       total 63488K, used 11236K [0x0000000080000000, 0x0000000083e00000, 0x00000000d5580000)
  object space 63488K, 17% used [0x0000000080000000,0x0000000080af9348,0x0000000083e00000)
 Metaspace       used 28220K, capacity 28964K, committed 29232K, reserved 1075200K
  class space    used 3895K, capacity 4127K, committed 4144K, reserved 1048576K
Event: 2.823 GC heap after
Heap after GC invocations=7 (full 1):
 PSYoungGen      total 115712K, used 9178K [0x00000000d5580000, 0x00000000ded00000, 0x0000000100000000)
  eden space 106496K, 0% used [0x00000000d5580000,0x00000000d5580000,0x00000000dbd80000)
  from space 9216K, 99% used [0x00000000de400000,0x00000000decf6bc8,0x00000000ded00000)
  to   space 13312K, 0% used [0x00000000dd300000,0x00000000dd300000,0x00000000de000000)
 ParOldGen       total 63488K, used 11244K [0x0000000080000000, 0x0000000083e00000, 0x00000000d5580000)
  object space 63488K, 17% used [0x0000000080000000,0x0000000080afb348,0x0000000083e00000)
 Metaspace       used 28220K, capacity 28964K, committed 29232K, reserved 1075200K
  class space    used 3895K, capacity 4127K, committed 4144K, reserved 1048576K
}
Event: 3.646 GC heap before
{Heap before GC invocations=8 (full 1):
 PSYoungGen      total 115712K, used 115674K [0x00000000d5580000, 0x00000000ded00000, 0x0000000100000000)
  eden space 106496K, 100% used [0x00000000d5580000,0x00000000dbd80000,0x00000000dbd80000)
  from space 9216K, 99% used [0x00000000de400000,0x00000000decf6bc8,0x00000000ded00000)
  to   space 13312K, 0% used [0x00000000dd300000,0x00000000dd300000,0x00000000de000000)
 ParOldGen       total 63488K, used 11244K [0x0000000080000000, 0x0000000083e00000, 0x00000000d5580000)
  object space 63488K, 17% used [0x0000000080000000,0x0000000080afb348,0x0000000083e00000)
 Metaspace       used 34332K, capacity 35134K, committed 35248K, reserved 1079296K
  class space    used 4713K, capacity 4934K, committed 5040K, reserved 1048576K
Event: 3.658 GC heap after
Heap after GC invocations=8 (full 1):
 PSYoungGen      total 119808K, used 11388K [0x00000000d5580000, 0x00000000ded00000, 0x0000000100000000)
  eden space 106496K, 0% used [0x00000000d5580000,0x00000000d5580000,0x00000000dbd80000)
  from space 13312K, 85% used [0x00000000dd300000,0x00000000dde1f018,0x00000000de000000)
  to   space 9216K, 0% used [0x00000000de400000,0x00000000de400000,0x00000000ded00000)
 ParOldGen       total 63488K, used 11252K [0x0000000080000000, 0x0000000083e00000, 0x00000000d5580000)
  object space 63488K, 17% used [0x0000000080000000,0x0000000080afd348,0x0000000083e00000)
 Metaspace       used 34332K, capacity 35134K, committed 35248K, reserved 1079296K
  class space    used 4713K, capacity 4934K, committed 5040K, reserved 1048576K
}
Event: 3.735 GC heap before
{Heap before GC invocations=9 (full 1):
 PSYoungGen      total 119808K, used 18681K [0x00000000d5580000, 0x00000000ded00000, 0x0000000100000000)
  eden space 106496K, 6% used [0x00000000d5580000,0x00000000d5c9f5c8,0x00000000dbd80000)
  from space 13312K, 85% used [0x00000000dd300000,0x00000000dde1f018,0x00000000de000000)
  to   space 9216K, 0% used [0x00000000de400000,0x00000000de400000,0x00000000ded00000)
 ParOldGen       total 63488K, used 11252K [0x0000000080000000, 0x0000000083e00000, 0x00000000d5580000)
  object space 63488K, 17% used [0x0000000080000000,0x0000000080afd348,0x0000000083e00000)
 Metaspace       used 34569K, capacity 35398K, committed 35496K, reserved 1079296K
  class space    used 4746K, capacity 4972K, committed 5040K, reserved 1048576K
Event: 3.741 GC heap after
Heap after GC invocations=9 (full 1):
 PSYoungGen      total 115712K, used 6928K [0x00000000d5580000, 0x00000000ded00000, 0x0000000100000000)
  eden space 106496K, 0% used [0x00000000d5580000,0x00000000d5580000,0x00000000dbd80000)
  from space 9216K, 75% used [0x00000000de400000,0x00000000deac4010,0x00000000ded00000)
  to   space 13312K, 0% used [0x00000000dd300000,0x00000000dd300000,0x00000000de000000)
 ParOldGen       total 63488K, used 11252K [0x0000000080000000, 0x0000000083e00000, 0x00000000d5580000)
  object space 63488K, 17% used [0x0000000080000000,0x0000000080afd348,0x0000000083e00000)
 Metaspace       used 34569K, capacity 35398K, committed 35496K, reserved 1079296K
  class space    used 4746K, capacity 4972K, committed 5040K, reserved 1048576K
}
Event: 3.741 GC heap before
{Heap before GC invocations=10 (full 2):
 PSYoungGen      total 115712K, used 6928K [0x00000000d5580000, 0x00000000ded00000, 0x0000000100000000)
  eden space 106496K, 0% used [0x00000000d5580000,0x00000000d5580000,0x00000000dbd80000)
  from space 9216K, 75% used [0x00000000de400000,0x00000000deac4010,0x00000000ded00000)
  to   space 13312K, 0% used [0x00000000dd300000,0x00000000dd300000,0x00000000de000000)
 ParOldGen       total 63488K, used 11252K [0x0000000080000000, 0x0000000083e00000, 0x00000000d5580000)
  object space 63488K, 17% used [0x0000000080000000,0x0000000080afd348,0x0000000083e00000)
 Metaspace       used 34569K, capacity 35398K, committed 35496K, reserved 1079296K
  class space    used 4746K, capacity 4972K, committed 5040K, reserved 1048576K
Event: 3.833 GC heap after
Heap after GC invocations=10 (full 2):
 PSYoungGen      total 115712K, used 0K [0x00000000d5580000, 0x00000000ded00000, 0x0000000100000000)
  eden space 106496K, 0% used [0x00000000d5580000,0x00000000d5580000,0x00000000dbd80000)
  from space 9216K, 0% used [0x00000000de400000,0x00000000de400000,0x00000000ded00000)
  to   space 13312K, 0% used [0x00000000dd300000,0x00000000dd300000,0x00000000de000000)
 ParOldGen       total 88576K, used 13492K [0x0000000080000000, 0x0000000085680000, 0x00000000d5580000)
  object space 88576K, 15% used [0x0000000080000000,0x0000000080d2d3f0,0x0000000085680000)
 Metaspace       used 34569K, capacity 35398K, committed 35496K, reserved 1079296K
  class space    used 4746K, capacity 4972K, committed 5040K, reserved 1048576K
}

