# JRE version: OpenJDK Runtime Environment (8.0_242-b01) (build 1.8.0_242-release-1644-b01)
# Java VM: OpenJDK 64-Bit Server VM (25.242-b01 mixed mode windows-amd64 compressed oops)
Heap:
 PSYoungGen      total 429568K, used 186768K [0x00000000d5580000, 0x00000000f8f80000, 0x0000000100000000)
  eden space 397312K, 47% used [0x00000000d5580000,0x00000000e0be42a0,0x00000000ed980000)
  from space 32256K, 0% used [0x00000000ed980000,0x00000000ed980000,0x00000000ef900000)
  to   space 33792K, 0% used [0x00000000f6e80000,0x00000000f6e80000,0x00000000f8f80000)
 ParOldGen       total 78848K, used 63602K [0x0000000080000000, 0x0000000084d00000, 0x00000000d5580000)
  object space 78848K, 80% used [0x0000000080000000,0x0000000083e1cb68,0x0000000084d00000)
 Metaspace       used 90929K, capacity 95078K, committed 96432K, reserved 1132544K
  class space    used 12117K, capacity 12950K, committed 13232K, reserved 1048576K
GC Heap History (10 events):
Event: 6.454 GC heap before
{Heap before GC invocations=11 (full 2):
 PSYoungGen      total 419840K, used 30350K [0x00000000d5580000, 0x00000000f0f80000, 0x0000000100000000)
  eden space 404480K, 3% used [0x00000000d5580000,0x00000000d64285b0,0x00000000ee080000)
  from space 15360K, 99% used [0x00000000ef900000,0x00000000f07fb310,0x00000000f0800000)
  to   space 24064K, 0% used [0x00000000ee080000,0x00000000ee080000,0x00000000ef800000)
 ParOldGen       total 78848K, used 29957K [0x0000000080000000, 0x0000000084d00000, 0x00000000d5580000)
  object space 78848K, 37% used [0x0000000080000000,0x0000000081d41748,0x0000000084d00000)
 Metaspace       used 57075K, capacity 59084K, committed 59160K, reserved 1099776K
  class space    used 7840K, capacity 8327K, committed 8368K, reserved 1048576K
Event: 6.481 GC heap after
Heap after GC invocations=11 (full 2):
 PSYoungGen      total 428544K, used 15667K [0x00000000d5580000, 0x00000000f0f80000, 0x0000000100000000)
  eden space 404480K, 0% used [0x00000000d5580000,0x00000000d5580000,0x00000000ee080000)
  from space 24064K, 65% used [0x00000000ee080000,0x00000000eefcce30,0x00000000ef800000)
  to   space 15360K, 0% used [0x00000000ef900000,0x00000000ef900000,0x00000000f0800000)
 ParOldGen       total 78848K, used 29965K [0x0000000080000000, 0x0000000084d00000, 0x00000000d5580000)
  object space 78848K, 38% used [0x0000000080000000,0x0000000081d43748,0x0000000084d00000)
 Metaspace       used 57075K, capacity 59084K, committed 59160K, reserved 1099776K
  class space    used 7840K, capacity 8327K, committed 8368K, reserved 1048576K
}
Event: 6.481 GC heap before
{Heap before GC invocations=12 (full 3):
 PSYoungGen      total 428544K, used 15667K [0x00000000d5580000, 0x00000000f0f80000, 0x0000000100000000)
  eden space 404480K, 0% used [0x00000000d5580000,0x00000000d5580000,0x00000000ee080000)
  from space 24064K, 65% used [0x00000000ee080000,0x00000000eefcce30,0x00000000ef800000)
  to   space 15360K, 0% used [0x00000000ef900000,0x00000000ef900000,0x00000000f0800000)
 ParOldGen       total 78848K, used 29965K [0x0000000080000000, 0x0000000084d00000, 0x00000000d5580000)
  object space 78848K, 38% used [0x0000000080000000,0x0000000081d43748,0x0000000084d00000)
 Metaspace       used 57075K, capacity 59084K, committed 59160K, reserved 1099776K
  class space    used 7840K, capacity 8327K, committed 8368K, reserved 1048576K
Event: 6.734 GC heap after
Heap after GC invocations=12 (full 3):
 PSYoungGen      total 428544K, used 0K [0x00000000d5580000, 0x00000000f0f80000, 0x0000000100000000)
  eden space 404480K, 0% used [0x00000000d5580000,0x00000000d5580000,0x00000000ee080000)
  from space 24064K, 0% used [0x00000000ee080000,0x00000000ee080000,0x00000000ef800000)
  to   space 15360K, 0% used [0x00000000ef900000,0x00000000ef900000,0x00000000f0800000)
 ParOldGen       total 78848K, used 27954K [0x0000000080000000, 0x0000000084d00000, 0x00000000d5580000)
  object space 78848K, 35% used [0x0000000080000000,0x0000000081b4cbc0,0x0000000084d00000)
 Metaspace       used 57044K, capacity 58976K, committed 59160K, reserved 1099776K
  class space    used 7830K, capacity 8309K, committed 8368K, reserved 1048576K
}
Event: 48.615 GC heap before
{Heap before GC invocations=13 (full 3):
 PSYoungGen      total 428544K, used 404480K [0x00000000d5580000, 0x00000000f0f80000, 0x0000000100000000)
  eden space 404480K, 100% used [0x00000000d5580000,0x00000000ee080000,0x00000000ee080000)
  from space 24064K, 0% used [0x00000000ee080000,0x00000000ee080000,0x00000000ef800000)
  to   space 15360K, 0% used [0x00000000ef900000,0x00000000ef900000,0x00000000f0800000)
 ParOldGen       total 78848K, used 27954K [0x0000000080000000, 0x0000000084d00000, 0x00000000d5580000)
  object space 78848K, 35% used [0x0000000080000000,0x0000000081b4cbc0,0x0000000084d00000)
 Metaspace       used 69564K, capacity 73268K, committed 73648K, reserved 1112064K
  class space    used 9284K, capacity 10035K, committed 10160K, reserved 1048576K
Event: 48.647 GC heap after
Heap after GC invocations=13 (full 3):
 PSYoungGen      total 412672K, used 15344K [0x00000000d5580000, 0x00000000fa500000, 0x0000000100000000)
  eden space 397312K, 0% used [0x00000000d5580000,0x00000000d5580000,0x00000000ed980000)
  from space 15360K, 99% used [0x00000000ef900000,0x00000000f07fc0a8,0x00000000f0800000)
  to   space 32256K, 0% used [0x00000000ed980000,0x00000000ed980000,0x00000000ef900000)
 ParOldGen       total 78848K, used 48131K [0x0000000080000000, 0x0000000084d00000, 0x00000000d5580000)
  object space 78848K, 61% used [0x0000000080000000,0x0000000082f00f90,0x0000000084d00000)
 Metaspace       used 69564K, capacity 73268K, committed 73648K, reserved 1112064K
  class space    used 9284K, capacity 10035K, committed 10160K, reserved 1048576K
}
Event: 55.333 GC heap before
{Heap before GC invocations=14 (full 3):
 PSYoungGen      total 412672K, used 412656K [0x00000000d5580000, 0x00000000fa500000, 0x0000000100000000)
  eden space 397312K, 100% used [0x00000000d5580000,0x00000000ed980000,0x00000000ed980000)
  from space 15360K, 99% used [0x00000000ef900000,0x00000000f07fc0a8,0x00000000f0800000)
  to   space 32256K, 0% used [0x00000000ed980000,0x00000000ed980000,0x00000000ef900000)
 ParOldGen       total 78848K, used 48131K [0x0000000080000000, 0x0000000084d00000, 0x00000000d5580000)
  object space 78848K, 61% used [0x0000000080000000,0x0000000082f00f90,0x0000000084d00000)
 Metaspace       used 88364K, capacity 93394K, committed 93488K, reserved 1130496K
  class space    used 11846K, capacity 12814K, committed 12848K, reserved 1048576K
Event: 55.369 GC heap after
Heap after GC invocations=14 (full 3):
 PSYoungGen      total 429568K, used 23097K [0x00000000d5580000, 0x00000000f8f80000, 0x0000000100000000)
  eden space 397312K, 0% used [0x00000000d5580000,0x00000000d5580000,0x00000000ed980000)
  from space 32256K, 71% used [0x00000000ed980000,0x00000000ef00e6a0,0x00000000ef900000)
  to   space 33792K, 0% used [0x00000000f6e80000,0x00000000f6e80000,0x00000000f8f80000)
 ParOldGen       total 78848K, used 62208K [0x0000000080000000, 0x0000000084d00000, 0x00000000d5580000)
  object space 78848K, 78% used [0x0000000080000000,0x0000000083cc0358,0x0000000084d00000)
 Metaspace       used 88364K, capacity 93394K, committed 93488K, reserved 1130496K
  class space    used 11846K, capacity 12814K, committed 12848K, reserved 1048576K
}
Event: 55.369 GC heap before
{Heap before GC invocations=15 (full 4):
 PSYoungGen      total 429568K, used 23097K [0x00000000d5580000, 0x00000000f8f80000, 0x0000000100000000)
  eden space 397312K, 0% used [0x00000000d5580000,0x00000000d5580000,0x00000000ed980000)
  from space 32256K, 71% used [0x00000000ed980000,0x00000000ef00e6a0,0x00000000ef900000)
  to   space 33792K, 0% used [0x00000000f6e80000,0x00000000f6e80000,0x00000000f8f80000)
 ParOldGen       total 78848K, used 62208K [0x0000000080000000, 0x0000000084d00000, 0x00000000d5580000)
  object space 78848K, 78% used [0x0000000080000000,0x0000000083cc0358,0x0000000084d00000)
 Metaspace       used 88364K, capacity 93394K, committed 93488K, reserved 1130496K
  class space    used 11846K, capacity 12814K, committed 12848K, reserved 1048576K
Event: 55.576 GC heap after
Heap after GC invocations=15 (full 4):
 PSYoungGen      total 429568K, used 0K [0x00000000d5580000, 0x00000000f8f80000, 0x0000000100000000)
  eden space 397312K, 0% used [0x00000000d5580000,0x00000000d5580000,0x00000000ed980000)
  from space 32256K, 0% used [0x00000000ed980000,0x00000000ed980000,0x00000000ef900000)
  to   space 33792K, 0% used [0x00000000f6e80000,0x00000000f6e80000,0x00000000f8f80000)
 ParOldGen       total 78848K, used 63602K [0x0000000080000000, 0x0000000084d00000, 0x00000000d5580000)
  object space 78848K, 80% used [0x0000000080000000,0x0000000083e1cb68,0x0000000084d00000)
 Metaspace       used 87716K, capacity 91566K, committed 93488K, reserved 1130496K
  class space    used 11634K, capacity 12438K, committed 12848K, reserved 1048576K
}

