# JRE version: OpenJDK Runtime Environment (8.0_242-b01) (build 1.8.0_242-release-1644-b01)
# Java VM: OpenJDK 64-Bit Server VM (25.242-b01 mixed mode windows-amd64 compressed oops)
Heap:
 PSYoungGen      total 112128K, used 27127K [0x00000000d5580000, 0x00000000df280000, 0x0000000100000000)
  eden space 100352K, 27% used [0x00000000d5580000,0x00000000d6ffdf48,0x00000000db780000)
  from space 11776K, 0% used [0x00000000db780000,0x00000000db780000,0x00000000dc300000)
  to   space 12288K, 0% used [0x00000000de680000,0x00000000de680000,0x00000000df280000)
 ParOldGen       total 97280K, used 15840K [0x0000000080000000, 0x0000000085f00000, 0x00000000d5580000)
  object space 97280K, 16% used [0x0000000080000000,0x0000000080f780a0,0x0000000085f00000)
 Metaspace       used 35437K, capacity 36554K, committed 36784K, reserved 1081344K
  class space    used 4879K, capacity 5172K, committed 5296K, reserved 1048576K
GC Heap History (10 events):
Event: 3.222 GC heap before
{Heap before GC invocations=7 (full 1):
 PSYoungGen      total 75776K, used 8391K [0x00000000d5580000, 0x00000000dac80000, 0x0000000100000000)
  eden space 65536K, 0% used [0x00000000d5580000,0x00000000d5580000,0x00000000d9580000)
  from space 10240K, 81% used [0x00000000da080000,0x00000000da8b1e48,0x00000000daa80000)
  to   space 11264K, 0% used [0x00000000d9580000,0x00000000d9580000,0x00000000da080000)
 ParOldGen       total 87552K, used 7427K [0x0000000080000000, 0x0000000085580000, 0x00000000d5580000)
  object space 87552K, 8% used [0x0000000080000000,0x0000000080740cf8,0x0000000085580000)
 Metaspace       used 20590K, capacity 21220K, committed 21296K, reserved 1067008K
  class space    used 2886K, capacity 3084K, committed 3120K, reserved 1048576K
Event: 3.265 GC heap after
Heap after GC invocations=7 (full 1):
 PSYoungGen      total 75776K, used 0K [0x00000000d5580000, 0x00000000dac80000, 0x0000000100000000)
  eden space 65536K, 0% used [0x00000000d5580000,0x00000000d5580000,0x00000000d9580000)
  from space 10240K, 0% used [0x00000000da080000,0x00000000da080000,0x00000000daa80000)
  to   space 11264K, 0% used [0x00000000d9580000,0x00000000d9580000,0x00000000da080000)
 ParOldGen       total 61952K, used 9250K [0x0000000080000000, 0x0000000083c80000, 0x00000000d5580000)
  object space 61952K, 14% used [0x0000000080000000,0x0000000080908a08,0x0000000083c80000)
 Metaspace       used 20590K, capacity 21220K, committed 21296K, reserved 1067008K
  class space    used 2886K, capacity 3084K, committed 3120K, reserved 1048576K
}
Event: 4.035 GC heap before
{Heap before GC invocations=8 (full 1):
 PSYoungGen      total 75776K, used 65243K [0x00000000d5580000, 0x00000000dac80000, 0x0000000100000000)
  eden space 65536K, 99% used [0x00000000d5580000,0x00000000d9536d80,0x00000000d9580000)
  from space 10240K, 0% used [0x00000000da080000,0x00000000da080000,0x00000000daa80000)
  to   space 11264K, 0% used [0x00000000d9580000,0x00000000d9580000,0x00000000da080000)
 ParOldGen       total 61952K, used 9250K [0x0000000080000000, 0x0000000083c80000, 0x00000000d5580000)
  object space 61952K, 14% used [0x0000000080000000,0x0000000080908a08,0x0000000083c80000)
 Metaspace       used 28223K, capacity 28908K, committed 29232K, reserved 1075200K
  class space    used 3895K, capacity 4127K, committed 4144K, reserved 1048576K
Event: 4.044 GC heap after
Heap after GC invocations=8 (full 1):
 PSYoungGen      total 76800K, used 8721K [0x00000000d5580000, 0x00000000dce80000, 0x0000000100000000)
  eden space 65536K, 0% used [0x00000000d5580000,0x00000000d5580000,0x00000000d9580000)
  from space 11264K, 77% used [0x00000000d9580000,0x00000000d9e04658,0x00000000da080000)
  to   space 11776K, 0% used [0x00000000dc300000,0x00000000dc300000,0x00000000dce80000)
 ParOldGen       total 61952K, used 9258K [0x0000000080000000, 0x0000000083c80000, 0x00000000d5580000)
  object space 61952K, 14% used [0x0000000080000000,0x000000008090aa08,0x0000000083c80000)
 Metaspace       used 28223K, capacity 28908K, committed 29232K, reserved 1075200K
  class space    used 3895K, capacity 4127K, committed 4144K, reserved 1048576K
}
Event: 4.640 GC heap before
{Heap before GC invocations=9 (full 1):
 PSYoungGen      total 76800K, used 74257K [0x00000000d5580000, 0x00000000dce80000, 0x0000000100000000)
  eden space 65536K, 100% used [0x00000000d5580000,0x00000000d9580000,0x00000000d9580000)
  from space 11264K, 77% used [0x00000000d9580000,0x00000000d9e04658,0x00000000da080000)
  to   space 11776K, 0% used [0x00000000dc300000,0x00000000dc300000,0x00000000dce80000)
 ParOldGen       total 61952K, used 9258K [0x0000000080000000, 0x0000000083c80000, 0x00000000d5580000)
  object space 61952K, 14% used [0x0000000080000000,0x000000008090aa08,0x0000000083c80000)
 Metaspace       used 32322K, capacity 33112K, committed 33456K, reserved 1077248K
  class space    used 4421K, capacity 4673K, committed 4784K, reserved 1048576K
Event: 4.649 GC heap after
Heap after GC invocations=9 (full 1):
 PSYoungGen      total 112128K, used 8745K [0x00000000d5580000, 0x00000000dce80000, 0x0000000100000000)
  eden space 100352K, 0% used [0x00000000d5580000,0x00000000d5580000,0x00000000db780000)
  from space 11776K, 74% used [0x00000000dc300000,0x00000000dcb8a7a0,0x00000000dce80000)
  to   space 11776K, 0% used [0x00000000db780000,0x00000000db780000,0x00000000dc300000)
 ParOldGen       total 61952K, used 9266K [0x0000000080000000, 0x0000000083c80000, 0x00000000d5580000)
  object space 61952K, 14% used [0x0000000080000000,0x000000008090ca08,0x0000000083c80000)
 Metaspace       used 32322K, capacity 33112K, committed 33456K, reserved 1077248K
  class space    used 4421K, capacity 4673K, committed 4784K, reserved 1048576K
}
Event: 5.096 GC heap before
{Heap before GC invocations=10 (full 1):
 PSYoungGen      total 112128K, used 55006K [0x00000000d5580000, 0x00000000dce80000, 0x0000000100000000)
  eden space 100352K, 46% used [0x00000000d5580000,0x00000000d82ad420,0x00000000db780000)
  from space 11776K, 74% used [0x00000000dc300000,0x00000000dcb8a7a0,0x00000000dce80000)
  to   space 11776K, 0% used [0x00000000db780000,0x00000000db780000,0x00000000dc300000)
 ParOldGen       total 61952K, used 9266K [0x0000000080000000, 0x0000000083c80000, 0x00000000d5580000)
  object space 61952K, 14% used [0x0000000080000000,0x000000008090ca08,0x0000000083c80000)
 Metaspace       used 34563K, capacity 35402K, committed 35496K, reserved 1079296K
  class space    used 4746K, capacity 4972K, committed 5040K, reserved 1048576K
Event: 5.111 GC heap after
Heap after GC invocations=10 (full 1):
 PSYoungGen      total 112128K, used 8971K [0x00000000d5580000, 0x00000000df280000, 0x0000000100000000)
  eden space 100352K, 0% used [0x00000000d5580000,0x00000000d5580000,0x00000000db780000)
  from space 11776K, 76% used [0x00000000db780000,0x00000000dc042f20,0x00000000dc300000)
  to   space 12288K, 0% used [0x00000000de680000,0x00000000de680000,0x00000000df280000)
 ParOldGen       total 61952K, used 9274K [0x0000000080000000, 0x0000000083c80000, 0x00000000d5580000)
  object space 61952K, 14% used [0x0000000080000000,0x000000008090ea08,0x0000000083c80000)
 Metaspace       used 34563K, capacity 35402K, committed 35496K, reserved 1079296K
  class space    used 4746K, capacity 4972K, committed 5040K, reserved 1048576K
}
Event: 5.111 GC heap before
{Heap before GC invocations=11 (full 2):
 PSYoungGen      total 112128K, used 8971K [0x00000000d5580000, 0x00000000df280000, 0x0000000100000000)
  eden space 100352K, 0% used [0x00000000d5580000,0x00000000d5580000,0x00000000db780000)
  from space 11776K, 76% used [0x00000000db780000,0x00000000dc042f20,0x00000000dc300000)
  to   space 12288K, 0% used [0x00000000de680000,0x00000000de680000,0x00000000df280000)
 ParOldGen       total 61952K, used 9274K [0x0000000080000000, 0x0000000083c80000, 0x00000000d5580000)
  object space 61952K, 14% used [0x0000000080000000,0x000000008090ea08,0x0000000083c80000)
 Metaspace       used 34563K, capacity 35402K, committed 35496K, reserved 1079296K
  class space    used 4746K, capacity 4972K, committed 5040K, reserved 1048576K
Event: 5.188 GC heap after
Heap after GC invocations=11 (full 2):
 PSYoungGen      total 112128K, used 0K [0x00000000d5580000, 0x00000000df280000, 0x0000000100000000)
  eden space 100352K, 0% used [0x00000000d5580000,0x00000000d5580000,0x00000000db780000)
  from space 11776K, 0% used [0x00000000db780000,0x00000000db780000,0x00000000dc300000)
  to   space 12288K, 0% used [0x00000000de680000,0x00000000de680000,0x00000000df280000)
 ParOldGen       total 97280K, used 15840K [0x0000000080000000, 0x0000000085f00000, 0x00000000d5580000)
  object space 97280K, 16% used [0x0000000080000000,0x0000000080f780a0,0x0000000085f00000)
 Metaspace       used 34563K, capacity 35402K, committed 35496K, reserved 1079296K
  class space    used 4746K, capacity 4972K, committed 5040K, reserved 1048576K
}

