# JRE version: OpenJDK Runtime Environment (8.0_242-b01) (build 1.8.0_242-release-1644-b01)
# Java VM: OpenJDK 64-Bit Server VM (25.242-b01 mixed mode windows-amd64 compressed oops)
Heap:
 PSYoungGen      total 138240K, used 52501K [0x00000000d5580000, 0x00000000de180000, 0x0000000100000000)
  eden space 133120K, 39% used [0x00000000d5580000,0x00000000d88c5428,0x00000000dd780000)
  from space 5120K, 0% used [0x00000000dd780000,0x00000000dd780000,0x00000000ddc80000)
  to   space 5120K, 0% used [0x00000000ddc80000,0x00000000ddc80000,0x00000000de180000)
 ParOldGen       total 88064K, used 15487K [0x0000000080000000, 0x0000000085600000, 0x00000000d5580000)
  object space 88064K, 17% used [0x0000000080000000,0x0000000080f1fca0,0x0000000085600000)
 Metaspace       used 37038K, capacity 38392K, committed 38576K, reserved 1083392K
  class space    used 5119K, capacity 5453K, committed 5552K, reserved 1048576K
GC Heap History (10 events):
Event: 2.301 GC heap before
{Heap before GC invocations=5 (full 0):
 PSYoungGen      total 138240K, used 8555K [0x00000000d5580000, 0x00000000de180000, 0x0000000100000000)
  eden space 133120K, 2% used [0x00000000d5580000,0x00000000d58dec38,0x00000000dd780000)
  from space 5120K, 99% used [0x00000000ddc80000,0x00000000de17c030,0x00000000de180000)
  to   space 5120K, 0% used [0x00000000dd780000,0x00000000dd780000,0x00000000ddc80000)
 ParOldGen       total 87552K, used 11257K [0x0000000080000000, 0x0000000085580000, 0x00000000d5580000)
  object space 87552K, 12% used [0x0000000080000000,0x0000000080afe7e0,0x0000000085580000)
 Metaspace       used 20618K, capacity 21244K, committed 21296K, reserved 1067008K
  class space    used 2894K, capacity 3116K, committed 3120K, reserved 1048576K
Event: 2.305 GC heap after
Heap after GC invocations=5 (full 0):
 PSYoungGen      total 138240K, used 5104K [0x00000000d5580000, 0x00000000de180000, 0x0000000100000000)
  eden space 133120K, 0% used [0x00000000d5580000,0x00000000d5580000,0x00000000dd780000)
  from space 5120K, 99% used [0x00000000dd780000,0x00000000ddc7c030,0x00000000ddc80000)
  to   space 5120K, 0% used [0x00000000ddc80000,0x00000000ddc80000,0x00000000de180000)
 ParOldGen       total 87552K, used 11441K [0x0000000080000000, 0x0000000085580000, 0x00000000d5580000)
  object space 87552K, 13% used [0x0000000080000000,0x0000000080b2c490,0x0000000085580000)
 Metaspace       used 20618K, capacity 21244K, committed 21296K, reserved 1067008K
  class space    used 2894K, capacity 3116K, committed 3120K, reserved 1048576K
}
Event: 2.305 GC heap before
{Heap before GC invocations=6 (full 1):
 PSYoungGen      total 138240K, used 5104K [0x00000000d5580000, 0x00000000de180000, 0x0000000100000000)
  eden space 133120K, 0% used [0x00000000d5580000,0x00000000d5580000,0x00000000dd780000)
  from space 5120K, 99% used [0x00000000dd780000,0x00000000ddc7c030,0x00000000ddc80000)
  to   space 5120K, 0% used [0x00000000ddc80000,0x00000000ddc80000,0x00000000de180000)
 ParOldGen       total 87552K, used 11441K [0x0000000080000000, 0x0000000085580000, 0x00000000d5580000)
  object space 87552K, 13% used [0x0000000080000000,0x0000000080b2c490,0x0000000085580000)
 Metaspace       used 20618K, capacity 21244K, committed 21296K, reserved 1067008K
  class space    used 2894K, capacity 3116K, committed 3120K, reserved 1048576K
Event: 2.352 GC heap after
Heap after GC invocations=6 (full 1):
 PSYoungGen      total 138240K, used 0K [0x00000000d5580000, 0x00000000de180000, 0x0000000100000000)
  eden space 133120K, 0% used [0x00000000d5580000,0x00000000d5580000,0x00000000dd780000)
  from space 5120K, 0% used [0x00000000dd780000,0x00000000dd780000,0x00000000ddc80000)
  to   space 5120K, 0% used [0x00000000ddc80000,0x00000000ddc80000,0x00000000de180000)
 ParOldGen       total 57344K, used 6913K [0x0000000080000000, 0x0000000083800000, 0x00000000d5580000)
  object space 57344K, 12% used [0x0000000080000000,0x00000000806c0658,0x0000000083800000)
 Metaspace       used 20618K, capacity 21244K, committed 21296K, reserved 1067008K
  class space    used 2894K, capacity 3116K, committed 3120K, reserved 1048576K
}
Event: 3.357 GC heap before
{Heap before GC invocations=7 (full 1):
 PSYoungGen      total 138240K, used 133120K [0x00000000d5580000, 0x00000000de180000, 0x0000000100000000)
  eden space 133120K, 100% used [0x00000000d5580000,0x00000000dd780000,0x00000000dd780000)
  from space 5120K, 0% used [0x00000000dd780000,0x00000000dd780000,0x00000000ddc80000)
  to   space 5120K, 0% used [0x00000000ddc80000,0x00000000ddc80000,0x00000000de180000)
 ParOldGen       total 57344K, used 6913K [0x0000000080000000, 0x0000000083800000, 0x00000000d5580000)
  object space 57344K, 12% used [0x0000000080000000,0x00000000806c0658,0x0000000083800000)
 Metaspace       used 32372K, capacity 33168K, committed 33456K, reserved 1077248K
  class space    used 4429K, capacity 4673K, committed 4784K, reserved 1048576K
Event: 3.369 GC heap after
Heap after GC invocations=7 (full 1):
 PSYoungGen      total 138240K, used 5120K [0x00000000d5580000, 0x00000000de180000, 0x0000000100000000)
  eden space 133120K, 0% used [0x00000000d5580000,0x00000000d5580000,0x00000000dd780000)
  from space 5120K, 100% used [0x00000000ddc80000,0x00000000de180000,0x00000000de180000)
  to   space 5120K, 0% used [0x00000000dd780000,0x00000000dd780000,0x00000000ddc80000)
 ParOldGen       total 57344K, used 15111K [0x0000000080000000, 0x0000000083800000, 0x00000000d5580000)
  object space 57344K, 26% used [0x0000000080000000,0x0000000080ec1f48,0x0000000083800000)
 Metaspace       used 32372K, capacity 33168K, committed 33456K, reserved 1077248K
  class space    used 4429K, capacity 4673K, committed 4784K, reserved 1048576K
}
Event: 3.639 GC heap before
{Heap before GC invocations=8 (full 1):
 PSYoungGen      total 138240K, used 51613K [0x00000000d5580000, 0x00000000de180000, 0x0000000100000000)
  eden space 133120K, 34% used [0x00000000d5580000,0x00000000d82e7750,0x00000000dd780000)
  from space 5120K, 100% used [0x00000000ddc80000,0x00000000de180000,0x00000000de180000)
  to   space 5120K, 0% used [0x00000000dd780000,0x00000000dd780000,0x00000000ddc80000)
 ParOldGen       total 57344K, used 15111K [0x0000000080000000, 0x0000000083800000, 0x00000000d5580000)
  object space 57344K, 26% used [0x0000000080000000,0x0000000080ec1f48,0x0000000083800000)
 Metaspace       used 34551K, capacity 35394K, committed 35496K, reserved 1079296K
  class space    used 4746K, capacity 4972K, committed 5040K, reserved 1048576K
Event: 3.644 GC heap after
Heap after GC invocations=8 (full 1):
 PSYoungGen      total 138240K, used 5104K [0x00000000d5580000, 0x00000000de180000, 0x0000000100000000)
  eden space 133120K, 0% used [0x00000000d5580000,0x00000000d5580000,0x00000000dd780000)
  from space 5120K, 99% used [0x00000000dd780000,0x00000000ddc7c010,0x00000000ddc80000)
  to   space 5120K, 0% used [0x00000000ddc80000,0x00000000ddc80000,0x00000000de180000)
 ParOldGen       total 57344K, used 18104K [0x0000000080000000, 0x0000000083800000, 0x00000000d5580000)
  object space 57344K, 31% used [0x0000000080000000,0x00000000811ae278,0x0000000083800000)
 Metaspace       used 34551K, capacity 35394K, committed 35496K, reserved 1079296K
  class space    used 4746K, capacity 4972K, committed 5040K, reserved 1048576K
}
Event: 3.644 GC heap before
{Heap before GC invocations=9 (full 2):
 PSYoungGen      total 138240K, used 5104K [0x00000000d5580000, 0x00000000de180000, 0x0000000100000000)
  eden space 133120K, 0% used [0x00000000d5580000,0x00000000d5580000,0x00000000dd780000)
  from space 5120K, 99% used [0x00000000dd780000,0x00000000ddc7c010,0x00000000ddc80000)
  to   space 5120K, 0% used [0x00000000ddc80000,0x00000000ddc80000,0x00000000de180000)
 ParOldGen       total 57344K, used 18104K [0x0000000080000000, 0x0000000083800000, 0x00000000d5580000)
  object space 57344K, 31% used [0x0000000080000000,0x00000000811ae278,0x0000000083800000)
 Metaspace       used 34551K, capacity 35394K, committed 35496K, reserved 1079296K
  class space    used 4746K, capacity 4972K, committed 5040K, reserved 1048576K
Event: 3.707 GC heap after
Heap after GC invocations=9 (full 2):
 PSYoungGen      total 138240K, used 0K [0x00000000d5580000, 0x00000000de180000, 0x0000000100000000)
  eden space 133120K, 0% used [0x00000000d5580000,0x00000000d5580000,0x00000000dd780000)
  from space 5120K, 0% used [0x00000000dd780000,0x00000000dd780000,0x00000000ddc80000)
  to   space 5120K, 0% used [0x00000000ddc80000,0x00000000ddc80000,0x00000000de180000)
 ParOldGen       total 88064K, used 15487K [0x0000000080000000, 0x0000000085600000, 0x00000000d5580000)
  object space 88064K, 17% used [0x0000000080000000,0x0000000080f1fca0,0x0000000085600000)
 Metaspace       used 34551K, capacity 35394K, committed 35496K, reserved 1079296K
  class space    used 4746K, capacity 4972K, committed 5040K, reserved 1048576K
}

