# JRE version: OpenJDK Runtime Environment (8.0_242-b01) (build 1.8.0_242-release-1644-b01)
# Java VM: OpenJDK 64-Bit Server VM (25.242-b01 mixed mode windows-amd64 compressed oops)
Heap:
 PSYoungGen      total 419840K, used 202108K [0x00000000d5580000, 0x00000000fa580000, 0x0000000100000000)
  eden space 395776K, 51% used [0x00000000d5580000,0x00000000e1adf038,0x00000000ed800000)
  from space 24064K, 0% used [0x00000000ed800000,0x00000000ed800000,0x00000000eef80000)
  to   space 24576K, 0% used [0x00000000f8d80000,0x00000000f8d80000,0x00000000fa580000)
 ParOldGen       total 110080K, used 28174K [0x0000000080000000, 0x0000000086b80000, 0x00000000d5580000)
  object space 110080K, 25% used [0x0000000080000000,0x0000000081b83b70,0x0000000086b80000)
 Metaspace       used 63821K, capacity 67306K, committed 67504K, reserved 1107968K
  class space    used 8874K, capacity 9560K, committed 9648K, reserved 1048576K
GC Heap History (10 events):
Event: 3.474 GC heap before
{Heap before GC invocations=8 (full 1):
 PSYoungGen      total 247296K, used 59769K [0x00000000d5580000, 0x00000000e7380000, 0x0000000100000000)
  eden space 233984K, 19% used [0x00000000d5580000,0x00000000d82de710,0x00000000e3a00000)
  from space 13312K, 99% used [0x00000000e6680000,0x00000000e737fe58,0x00000000e7380000)
  to   space 15872K, 0% used [0x00000000e5480000,0x00000000e5480000,0x00000000e6400000)
 ParOldGen       total 58368K, used 10095K [0x0000000080000000, 0x0000000083900000, 0x00000000d5580000)
  object space 58368K, 17% used [0x0000000080000000,0x00000000809dbfc8,0x0000000083900000)
 Metaspace       used 34545K, capacity 35402K, committed 35496K, reserved 1079296K
  class space    used 4746K, capacity 4972K, committed 5040K, reserved 1048576K
Event: 3.482 GC heap after
Heap after GC invocations=8 (full 1):
 PSYoungGen      total 276992K, used 8796K [0x00000000d5580000, 0x00000000efe80000, 0x0000000100000000)
  eden space 261120K, 0% used [0x00000000d5580000,0x00000000d5580000,0x00000000e5480000)
  from space 15872K, 55% used [0x00000000e5480000,0x00000000e5d172e8,0x00000000e6400000)
  to   space 15360K, 0% used [0x00000000eef80000,0x00000000eef80000,0x00000000efe80000)
 ParOldGen       total 58368K, used 10103K [0x0000000080000000, 0x0000000083900000, 0x00000000d5580000)
  object space 58368K, 17% used [0x0000000080000000,0x00000000809ddfc8,0x0000000083900000)
 Metaspace       used 34545K, capacity 35402K, committed 35496K, reserved 1079296K
  class space    used 4746K, capacity 4972K, committed 5040K, reserved 1048576K
}
Event: 3.482 GC heap before
{Heap before GC invocations=9 (full 2):
 PSYoungGen      total 276992K, used 8796K [0x00000000d5580000, 0x00000000efe80000, 0x0000000100000000)
  eden space 261120K, 0% used [0x00000000d5580000,0x00000000d5580000,0x00000000e5480000)
  from space 15872K, 55% used [0x00000000e5480000,0x00000000e5d172e8,0x00000000e6400000)
  to   space 15360K, 0% used [0x00000000eef80000,0x00000000eef80000,0x00000000efe80000)
 ParOldGen       total 58368K, used 10103K [0x0000000080000000, 0x0000000083900000, 0x00000000d5580000)
  object space 58368K, 17% used [0x0000000080000000,0x00000000809ddfc8,0x0000000083900000)
 Metaspace       used 34545K, capacity 35402K, committed 35496K, reserved 1079296K
  class space    used 4746K, capacity 4972K, committed 5040K, reserved 1048576K
Event: 3.540 GC heap after
Heap after GC invocations=9 (full 2):
 PSYoungGen      total 276992K, used 0K [0x00000000d5580000, 0x00000000efe80000, 0x0000000100000000)
  eden space 261120K, 0% used [0x00000000d5580000,0x00000000d5580000,0x00000000e5480000)
  from space 15872K, 0% used [0x00000000e5480000,0x00000000e5480000,0x00000000e6400000)
  to   space 15360K, 0% used [0x00000000eef80000,0x00000000eef80000,0x00000000efe80000)
 ParOldGen       total 78336K, used 15268K [0x0000000080000000, 0x0000000084c80000, 0x00000000d5580000)
  object space 78336K, 19% used [0x0000000080000000,0x0000000080ee91c0,0x0000000084c80000)
 Metaspace       used 34545K, capacity 35402K, committed 35496K, reserved 1079296K
  class space    used 4746K, capacity 4972K, committed 5040K, reserved 1048576K
}
Event: 6.184 GC heap before
{Heap before GC invocations=10 (full 2):
 PSYoungGen      total 276992K, used 261120K [0x00000000d5580000, 0x00000000efe80000, 0x0000000100000000)
  eden space 261120K, 100% used [0x00000000d5580000,0x00000000e5480000,0x00000000e5480000)
  from space 15872K, 0% used [0x00000000e5480000,0x00000000e5480000,0x00000000e6400000)
  to   space 15360K, 0% used [0x00000000eef80000,0x00000000eef80000,0x00000000efe80000)
 ParOldGen       total 78336K, used 15268K [0x0000000080000000, 0x0000000084c80000, 0x00000000d5580000)
  object space 78336K, 19% used [0x0000000080000000,0x0000000080ee91c0,0x0000000084c80000)
 Metaspace       used 55995K, capacity 57998K, committed 58160K, reserved 1099776K
  class space    used 7691K, capacity 8170K, committed 8240K, reserved 1048576K
Event: 6.218 GC heap after
Heap after GC invocations=10 (full 2):
 PSYoungGen      total 411136K, used 15329K [0x00000000d5580000, 0x00000000f1580000, 0x0000000100000000)
  eden space 395776K, 0% used [0x00000000d5580000,0x00000000d5580000,0x00000000ed800000)
  from space 15360K, 99% used [0x00000000eef80000,0x00000000efe787d8,0x00000000efe80000)
  to   space 24064K, 0% used [0x00000000ed800000,0x00000000ed800000,0x00000000eef80000)
 ParOldGen       total 78336K, used 29502K [0x0000000080000000, 0x0000000084c80000, 0x00000000d5580000)
  object space 78336K, 37% used [0x0000000080000000,0x0000000081ccf940,0x0000000084c80000)
 Metaspace       used 55995K, capacity 57998K, committed 58160K, reserved 1099776K
  class space    used 7691K, capacity 8170K, committed 8240K, reserved 1048576K
}
Event: 6.371 GC heap before
{Heap before GC invocations=11 (full 2):
 PSYoungGen      total 411136K, used 29946K [0x00000000d5580000, 0x00000000f1580000, 0x0000000100000000)
  eden space 395776K, 3% used [0x00000000d5580000,0x00000000d63c61d8,0x00000000ed800000)
  from space 15360K, 99% used [0x00000000eef80000,0x00000000efe787d8,0x00000000efe80000)
  to   space 24064K, 0% used [0x00000000ed800000,0x00000000ed800000,0x00000000eef80000)
 ParOldGen       total 78336K, used 29502K [0x0000000080000000, 0x0000000084c80000, 0x00000000d5580000)
  object space 78336K, 37% used [0x0000000080000000,0x0000000081ccf940,0x0000000084c80000)
 Metaspace       used 57059K, capacity 59040K, committed 59160K, reserved 1099776K
  class space    used 7834K, capacity 8291K, committed 8368K, reserved 1048576K
Event: 6.397 GC heap after
Heap after GC invocations=11 (full 2):
 PSYoungGen      total 419840K, used 16091K [0x00000000d5580000, 0x00000000fa580000, 0x0000000100000000)
  eden space 395776K, 0% used [0x00000000d5580000,0x00000000d5580000,0x00000000ed800000)
  from space 24064K, 66% used [0x00000000ed800000,0x00000000ee7b6e50,0x00000000eef80000)
  to   space 24576K, 0% used [0x00000000f8d80000,0x00000000f8d80000,0x00000000fa580000)
 ParOldGen       total 78336K, used 29510K [0x0000000080000000, 0x0000000084c80000, 0x00000000d5580000)
  object space 78336K, 37% used [0x0000000080000000,0x0000000081cd1940,0x0000000084c80000)
 Metaspace       used 57059K, capacity 59040K, committed 59160K, reserved 1099776K
  class space    used 7834K, capacity 8291K, committed 8368K, reserved 1048576K
}
Event: 6.397 GC heap before
{Heap before GC invocations=12 (full 3):
 PSYoungGen      total 419840K, used 16091K [0x00000000d5580000, 0x00000000fa580000, 0x0000000100000000)
  eden space 395776K, 0% used [0x00000000d5580000,0x00000000d5580000,0x00000000ed800000)
  from space 24064K, 66% used [0x00000000ed800000,0x00000000ee7b6e50,0x00000000eef80000)
  to   space 24576K, 0% used [0x00000000f8d80000,0x00000000f8d80000,0x00000000fa580000)
 ParOldGen       total 78336K, used 29510K [0x0000000080000000, 0x0000000084c80000, 0x00000000d5580000)
  object space 78336K, 37% used [0x0000000080000000,0x0000000081cd1940,0x0000000084c80000)
 Metaspace       used 57059K, capacity 59040K, committed 59160K, reserved 1099776K
  class space    used 7834K, capacity 8291K, committed 8368K, reserved 1048576K
Event: 6.636 GC heap after
Heap after GC invocations=12 (full 3):
 PSYoungGen      total 419840K, used 0K [0x00000000d5580000, 0x00000000fa580000, 0x0000000100000000)
  eden space 395776K, 0% used [0x00000000d5580000,0x00000000d5580000,0x00000000ed800000)
  from space 24064K, 0% used [0x00000000ed800000,0x00000000ed800000,0x00000000eef80000)
  to   space 24576K, 0% used [0x00000000f8d80000,0x00000000f8d80000,0x00000000fa580000)
 ParOldGen       total 110080K, used 28174K [0x0000000080000000, 0x0000000086b80000, 0x00000000d5580000)
  object space 110080K, 25% used [0x0000000080000000,0x0000000081b83b70,0x0000000086b80000)
 Metaspace       used 57031K, capacity 58944K, committed 59160K, reserved 1099776K
  class space    used 7825K, capacity 8275K, committed 8368K, reserved 1048576K
}

