# JRE version: OpenJDK Runtime Environment (8.0_242-b01) (build 1.8.0_242-release-1644-b01)
# Java VM: OpenJDK 64-Bit Server VM (25.242-b01 mixed mode windows-amd64 compressed oops)
Heap:
 PSYoungGen      total 200192K, used 100054K [0x00000000d5580000, 0x00000000e4000000, 0x0000000100000000)
  eden space 185344K, 46% used [0x00000000d5580000,0x00000000da8cdf50,0x00000000e0a80000)
  from space 14848K, 99% used [0x00000000e3180000,0x00000000e3fe7978,0x00000000e4000000)
  to   space 17408K, 0% used [0x00000000e1e00000,0x00000000e1e00000,0x00000000e2f00000)
 ParOldGen       total 84480K, used 15557K [0x0000000080000000, 0x0000000085280000, 0x00000000d5580000)
  object space 84480K, 18% used [0x0000000080000000,0x0000000080f316e0,0x0000000085280000)
 Metaspace       used 52454K, capacity 54258K, committed 54440K, reserved 1095680K
  class space    used 7136K, capacity 7558K, committed 7600K, reserved 1048576K
GC Heap History (10 events):
Event: 2.911 GC heap before
{Heap before GC invocations=6 (full 1):
 PSYoungGen      total 138240K, used 5088K [0x00000000d5580000, 0x00000000de180000, 0x0000000100000000)
  eden space 133120K, 0% used [0x00000000d5580000,0x00000000d5580000,0x00000000dd780000)
  from space 5120K, 99% used [0x00000000dd780000,0x00000000ddc78050,0x00000000ddc80000)
  to   space 5120K, 0% used [0x00000000ddc80000,0x00000000ddc80000,0x00000000de180000)
 ParOldGen       total 87552K, used 11399K [0x0000000080000000, 0x0000000085580000, 0x00000000d5580000)
  object space 87552K, 13% used [0x0000000080000000,0x0000000080b21e18,0x0000000085580000)
 Metaspace       used 20587K, capacity 21220K, committed 21296K, reserved 1067008K
  class space    used 2887K, capacity 3084K, committed 3120K, reserved 1048576K
Event: 2.957 GC heap after
Heap after GC invocations=6 (full 1):
 PSYoungGen      total 138240K, used 0K [0x00000000d5580000, 0x00000000de180000, 0x0000000100000000)
  eden space 133120K, 0% used [0x00000000d5580000,0x00000000d5580000,0x00000000dd780000)
  from space 5120K, 0% used [0x00000000dd780000,0x00000000dd780000,0x00000000ddc80000)
  to   space 5120K, 0% used [0x00000000ddc80000,0x00000000ddc80000,0x00000000de180000)
 ParOldGen       total 55808K, used 6860K [0x0000000080000000, 0x0000000083680000, 0x00000000d5580000)
  object space 55808K, 12% used [0x0000000080000000,0x00000000806b33d8,0x0000000083680000)
 Metaspace       used 20587K, capacity 21220K, committed 21296K, reserved 1067008K
  class space    used 2887K, capacity 3084K, committed 3120K, reserved 1048576K
}
Event: 4.407 GC heap before
{Heap before GC invocations=7 (full 1):
 PSYoungGen      total 138240K, used 133120K [0x00000000d5580000, 0x00000000de180000, 0x0000000100000000)
  eden space 133120K, 100% used [0x00000000d5580000,0x00000000dd780000,0x00000000dd780000)
  from space 5120K, 0% used [0x00000000dd780000,0x00000000dd780000,0x00000000ddc80000)
  to   space 5120K, 0% used [0x00000000ddc80000,0x00000000ddc80000,0x00000000de180000)
 ParOldGen       total 55808K, used 6860K [0x0000000080000000, 0x0000000083680000, 0x00000000d5580000)
  object space 55808K, 12% used [0x0000000080000000,0x00000000806b33d8,0x0000000083680000)
 Metaspace       used 32258K, capacity 33072K, committed 33328K, reserved 1077248K
  class space    used 4409K, capacity 4641K, committed 4656K, reserved 1048576K
Event: 4.422 GC heap after
Heap after GC invocations=7 (full 1):
 PSYoungGen      total 127488K, used 5104K [0x00000000d5580000, 0x00000000e5700000, 0x0000000100000000)
  eden space 122368K, 0% used [0x00000000d5580000,0x00000000d5580000,0x00000000dcd00000)
  from space 5120K, 99% used [0x00000000ddc80000,0x00000000de17c010,0x00000000de180000)
  to   space 15872K, 0% used [0x00000000dcd00000,0x00000000dcd00000,0x00000000ddc80000)
 ParOldGen       total 55808K, used 15019K [0x0000000080000000, 0x0000000083680000, 0x00000000d5580000)
  object space 55808K, 26% used [0x0000000080000000,0x0000000080eaae08,0x0000000083680000)
 Metaspace       used 32258K, capacity 33072K, committed 33328K, reserved 1077248K
  class space    used 4409K, capacity 4641K, committed 4656K, reserved 1048576K
}
Event: 4.966 GC heap before
{Heap before GC invocations=8 (full 1):
 PSYoungGen      total 127488K, used 53442K [0x00000000d5580000, 0x00000000e5700000, 0x0000000100000000)
  eden space 122368K, 39% used [0x00000000d5580000,0x00000000d84b4858,0x00000000dcd00000)
  from space 5120K, 99% used [0x00000000ddc80000,0x00000000de17c010,0x00000000de180000)
  to   space 15872K, 0% used [0x00000000dcd00000,0x00000000dcd00000,0x00000000ddc80000)
 ParOldGen       total 55808K, used 15019K [0x0000000080000000, 0x0000000083680000, 0x00000000d5580000)
  object space 55808K, 26% used [0x0000000080000000,0x0000000080eaae08,0x0000000083680000)
 Metaspace       used 34567K, capacity 35406K, committed 35496K, reserved 1079296K
  class space    used 4746K, capacity 4972K, committed 5040K, reserved 1048576K
Event: 4.977 GC heap after
Heap after GC invocations=8 (full 1):
 PSYoungGen      total 138240K, used 8399K [0x00000000d5580000, 0x00000000e4080000, 0x0000000100000000)
  eden space 122368K, 0% used [0x00000000d5580000,0x00000000d5580000,0x00000000dcd00000)
  from space 15872K, 52% used [0x00000000dcd00000,0x00000000dd533c70,0x00000000ddc80000)
  to   space 15360K, 0% used [0x00000000e3180000,0x00000000e3180000,0x00000000e4080000)
 ParOldGen       total 55808K, used 15027K [0x0000000080000000, 0x0000000083680000, 0x00000000d5580000)
  object space 55808K, 26% used [0x0000000080000000,0x0000000080eace08,0x0000000083680000)
 Metaspace       used 34567K, capacity 35406K, committed 35496K, reserved 1079296K
  class space    used 4746K, capacity 4972K, committed 5040K, reserved 1048576K
}
Event: 4.978 GC heap before
{Heap before GC invocations=9 (full 2):
 PSYoungGen      total 138240K, used 8399K [0x00000000d5580000, 0x00000000e4080000, 0x0000000100000000)
  eden space 122368K, 0% used [0x00000000d5580000,0x00000000d5580000,0x00000000dcd00000)
  from space 15872K, 52% used [0x00000000dcd00000,0x00000000dd533c70,0x00000000ddc80000)
  to   space 15360K, 0% used [0x00000000e3180000,0x00000000e3180000,0x00000000e4080000)
 ParOldGen       total 55808K, used 15027K [0x0000000080000000, 0x0000000083680000, 0x00000000d5580000)
  object space 55808K, 26% used [0x0000000080000000,0x0000000080eace08,0x0000000083680000)
 Metaspace       used 34567K, capacity 35406K, committed 35496K, reserved 1079296K
  class space    used 4746K, capacity 4972K, committed 5040K, reserved 1048576K
Event: 5.068 GC heap after
Heap after GC invocations=9 (full 2):
 PSYoungGen      total 138240K, used 0K [0x00000000d5580000, 0x00000000e4080000, 0x0000000100000000)
  eden space 122368K, 0% used [0x00000000d5580000,0x00000000d5580000,0x00000000dcd00000)
  from space 15872K, 0% used [0x00000000dcd00000,0x00000000dcd00000,0x00000000ddc80000)
  to   space 15360K, 0% used [0x00000000e3180000,0x00000000e3180000,0x00000000e4080000)
 ParOldGen       total 84480K, used 15549K [0x0000000080000000, 0x0000000085280000, 0x00000000d5580000)
  object space 84480K, 18% used [0x0000000080000000,0x0000000080f2f6e0,0x0000000085280000)
 Metaspace       used 34567K, capacity 35406K, committed 35496K, reserved 1079296K
  class space    used 4746K, capacity 4972K, committed 5040K, reserved 1048576K
}
Event: 7.126 GC heap before
{Heap before GC invocations=10 (full 2):
 PSYoungGen      total 138240K, used 122368K [0x00000000d5580000, 0x00000000e4080000, 0x0000000100000000)
  eden space 122368K, 100% used [0x00000000d5580000,0x00000000dcd00000,0x00000000dcd00000)
  from space 15872K, 0% used [0x00000000dcd00000,0x00000000dcd00000,0x00000000ddc80000)
  to   space 15360K, 0% used [0x00000000e3180000,0x00000000e3180000,0x00000000e4080000)
 ParOldGen       total 84480K, used 15549K [0x0000000080000000, 0x0000000085280000, 0x00000000d5580000)
  object space 84480K, 18% used [0x0000000080000000,0x0000000080f2f6e0,0x0000000085280000)
 Metaspace       used 44949K, capacity 46412K, committed 46760K, reserved 1089536K
  class space    used 6095K, capacity 6460K, committed 6576K, reserved 1048576K
Event: 7.142 GC heap after
Heap after GC invocations=10 (full 2):
 PSYoungGen      total 200192K, used 14750K [0x00000000d5580000, 0x00000000e4000000, 0x0000000100000000)
  eden space 185344K, 0% used [0x00000000d5580000,0x00000000d5580000,0x00000000e0a80000)
  from space 14848K, 99% used [0x00000000e3180000,0x00000000e3fe7978,0x00000000e4000000)
  to   space 17408K, 0% used [0x00000000e1e00000,0x00000000e1e00000,0x00000000e2f00000)
 ParOldGen       total 84480K, used 15557K [0x0000000080000000, 0x0000000085280000, 0x00000000d5580000)
  object space 84480K, 18% used [0x0000000080000000,0x0000000080f316e0,0x0000000085280000)
 Metaspace       used 44949K, capacity 46412K, committed 46760K, reserved 1089536K
  class space    used 6095K, capacity 6460K, committed 6576K, reserved 1048576K
}

