# JRE version: OpenJDK Runtime Environment (8.0_242-b01) (build 1.8.0_242-release-1644-b01)
# Java VM: OpenJDK 64-Bit Server VM (25.242-b01 mixed mode windows-amd64 compressed oops)
Heap:
 PSYoungGen      total 255488K, used 207939K [0x00000000d5580000, 0x00000000e7380000, 0x0000000100000000)
  eden space 239616K, 86% used [0x00000000d5580000,0x00000000e2090ec0,0x00000000e3f80000)
  from space 15872K, 0% used [0x00000000e5480000,0x00000000e5480000,0x00000000e6400000)
  to   space 13312K, 0% used [0x00000000e6680000,0x00000000e6680000,0x00000000e7380000)
 ParOldGen       total 77312K, used 15199K [0x0000000080000000, 0x0000000084b80000, 0x00000000d5580000)
  object space 77312K, 19% used [0x0000000080000000,0x0000000080ed7e88,0x0000000084b80000)
 Metaspace       used 52373K, capacity 54262K, committed 54448K, reserved 1095680K
  class space    used 7123K, capacity 7558K, committed 7600K, reserved 1048576K
GC Heap History (10 events):
Event: 2.687 GC heap before
{Heap before GC invocations=5 (full 0):
 PSYoungGen      total 138240K, used 8537K [0x00000000d5580000, 0x00000000de180000, 0x0000000100000000)
  eden space 133120K, 2% used [0x00000000d5580000,0x00000000d58de540,0x00000000dd780000)
  from space 5120K, 99% used [0x00000000ddc80000,0x00000000de178030,0x00000000de180000)
  to   space 5120K, 0% used [0x00000000dd780000,0x00000000dd780000,0x00000000ddc80000)
 ParOldGen       total 87552K, used 11271K [0x0000000080000000, 0x0000000085580000, 0x00000000d5580000)
  object space 87552K, 12% used [0x0000000080000000,0x0000000080b01c28,0x0000000085580000)
 Metaspace       used 20625K, capacity 21244K, committed 21296K, reserved 1067008K
  class space    used 2896K, capacity 3116K, committed 3120K, reserved 1048576K
Event: 2.696 GC heap after
Heap after GC invocations=5 (full 0):
 PSYoungGen      total 138240K, used 5108K [0x00000000d5580000, 0x00000000e7380000, 0x0000000100000000)
  eden space 133120K, 0% used [0x00000000d5580000,0x00000000d5580000,0x00000000dd780000)
  from space 5120K, 99% used [0x00000000dd780000,0x00000000ddc7d060,0x00000000ddc80000)
  to   space 13312K, 0% used [0x00000000e6680000,0x00000000e6680000,0x00000000e7380000)
 ParOldGen       total 87552K, used 11418K [0x0000000080000000, 0x0000000085580000, 0x00000000d5580000)
  object space 87552K, 13% used [0x0000000080000000,0x0000000080b26888,0x0000000085580000)
 Metaspace       used 20625K, capacity 21244K, committed 21296K, reserved 1067008K
  class space    used 2896K, capacity 3116K, committed 3120K, reserved 1048576K
}
Event: 2.696 GC heap before
{Heap before GC invocations=6 (full 1):
 PSYoungGen      total 138240K, used 5108K [0x00000000d5580000, 0x00000000e7380000, 0x0000000100000000)
  eden space 133120K, 0% used [0x00000000d5580000,0x00000000d5580000,0x00000000dd780000)
  from space 5120K, 99% used [0x00000000dd780000,0x00000000ddc7d060,0x00000000ddc80000)
  to   space 13312K, 0% used [0x00000000e6680000,0x00000000e6680000,0x00000000e7380000)
 ParOldGen       total 87552K, used 11418K [0x0000000080000000, 0x0000000085580000, 0x00000000d5580000)
  object space 87552K, 13% used [0x0000000080000000,0x0000000080b26888,0x0000000085580000)
 Metaspace       used 20625K, capacity 21244K, committed 21296K, reserved 1067008K
  class space    used 2896K, capacity 3116K, committed 3120K, reserved 1048576K
Event: 2.736 GC heap after
Heap after GC invocations=6 (full 1):
 PSYoungGen      total 138240K, used 0K [0x00000000d5580000, 0x00000000e7380000, 0x0000000100000000)
  eden space 133120K, 0% used [0x00000000d5580000,0x00000000d5580000,0x00000000dd780000)
  from space 5120K, 0% used [0x00000000dd780000,0x00000000dd780000,0x00000000ddc80000)
  to   space 13312K, 0% used [0x00000000e6680000,0x00000000e6680000,0x00000000e7380000)
 ParOldGen       total 53760K, used 6919K [0x0000000080000000, 0x0000000083480000, 0x00000000d5580000)
  object space 53760K, 12% used [0x0000000080000000,0x00000000806c1f28,0x0000000083480000)
 Metaspace       used 20625K, capacity 21244K, committed 21296K, reserved 1067008K
  class space    used 2896K, capacity 3116K, committed 3120K, reserved 1048576K
}
Event: 3.876 GC heap before
{Heap before GC invocations=7 (full 1):
 PSYoungGen      total 138240K, used 133120K [0x00000000d5580000, 0x00000000e7380000, 0x0000000100000000)
  eden space 133120K, 100% used [0x00000000d5580000,0x00000000dd780000,0x00000000dd780000)
  from space 5120K, 0% used [0x00000000dd780000,0x00000000dd780000,0x00000000ddc80000)
  to   space 13312K, 0% used [0x00000000e6680000,0x00000000e6680000,0x00000000e7380000)
 ParOldGen       total 53760K, used 6919K [0x0000000080000000, 0x0000000083480000, 0x00000000d5580000)
  object space 53760K, 12% used [0x0000000080000000,0x00000000806c1f28,0x0000000083480000)
 Metaspace       used 32381K, capacity 33168K, committed 33456K, reserved 1077248K
  class space    used 4431K, capacity 4673K, committed 4784K, reserved 1048576K
Event: 3.892 GC heap after
Heap after GC invocations=7 (full 1):
 PSYoungGen      total 252928K, used 13306K [0x00000000d5580000, 0x00000000e7380000, 0x0000000100000000)
  eden space 239616K, 0% used [0x00000000d5580000,0x00000000d5580000,0x00000000e3f80000)
  from space 13312K, 99% used [0x00000000e6680000,0x00000000e737e958,0x00000000e7380000)
  to   space 15872K, 0% used [0x00000000e5480000,0x00000000e5480000,0x00000000e6400000)
 ParOldGen       total 53760K, used 7030K [0x0000000080000000, 0x0000000083480000, 0x00000000d5580000)
  object space 53760K, 13% used [0x0000000080000000,0x00000000806dd898,0x0000000083480000)
 Metaspace       used 32381K, capacity 33168K, committed 33456K, reserved 1077248K
  class space    used 4431K, capacity 4673K, committed 4784K, reserved 1048576K
}
Event: 4.197 GC heap before
{Heap before GC invocations=8 (full 1):
 PSYoungGen      total 252928K, used 61297K [0x00000000d5580000, 0x00000000e7380000, 0x0000000100000000)
  eden space 239616K, 20% used [0x00000000d5580000,0x00000000d845de88,0x00000000e3f80000)
  from space 13312K, 99% used [0x00000000e6680000,0x00000000e737e958,0x00000000e7380000)
  to   space 15872K, 0% used [0x00000000e5480000,0x00000000e5480000,0x00000000e6400000)
 ParOldGen       total 53760K, used 7030K [0x0000000080000000, 0x0000000083480000, 0x00000000d5580000)
  object space 53760K, 13% used [0x0000000080000000,0x00000000806dd898,0x0000000083480000)
 Metaspace       used 34545K, capacity 35394K, committed 35496K, reserved 1079296K
  class space    used 4747K, capacity 4972K, committed 5040K, reserved 1048576K
Event: 4.207 GC heap after
Heap after GC invocations=8 (full 1):
 PSYoungGen      total 255488K, used 8693K [0x00000000d5580000, 0x00000000e7380000, 0x0000000100000000)
  eden space 239616K, 0% used [0x00000000d5580000,0x00000000d5580000,0x00000000e3f80000)
  from space 15872K, 54% used [0x00000000e5480000,0x00000000e5cfd490,0x00000000e6400000)
  to   space 13312K, 0% used [0x00000000e6680000,0x00000000e6680000,0x00000000e7380000)
 ParOldGen       total 53760K, used 7038K [0x0000000080000000, 0x0000000083480000, 0x00000000d5580000)
  object space 53760K, 13% used [0x0000000080000000,0x00000000806df898,0x0000000083480000)
 Metaspace       used 34545K, capacity 35394K, committed 35496K, reserved 1079296K
  class space    used 4747K, capacity 4972K, committed 5040K, reserved 1048576K
}
Event: 4.207 GC heap before
{Heap before GC invocations=9 (full 2):
 PSYoungGen      total 255488K, used 8693K [0x00000000d5580000, 0x00000000e7380000, 0x0000000100000000)
  eden space 239616K, 0% used [0x00000000d5580000,0x00000000d5580000,0x00000000e3f80000)
  from space 15872K, 54% used [0x00000000e5480000,0x00000000e5cfd490,0x00000000e6400000)
  to   space 13312K, 0% used [0x00000000e6680000,0x00000000e6680000,0x00000000e7380000)
 ParOldGen       total 53760K, used 7038K [0x0000000080000000, 0x0000000083480000, 0x00000000d5580000)
  object space 53760K, 13% used [0x0000000080000000,0x00000000806df898,0x0000000083480000)
 Metaspace       used 34545K, capacity 35394K, committed 35496K, reserved 1079296K
  class space    used 4747K, capacity 4972K, committed 5040K, reserved 1048576K
Event: 4.289 GC heap after
Heap after GC invocations=9 (full 2):
 PSYoungGen      total 255488K, used 0K [0x00000000d5580000, 0x00000000e7380000, 0x0000000100000000)
  eden space 239616K, 0% used [0x00000000d5580000,0x00000000d5580000,0x00000000e3f80000)
  from space 15872K, 0% used [0x00000000e5480000,0x00000000e5480000,0x00000000e6400000)
  to   space 13312K, 0% used [0x00000000e6680000,0x00000000e6680000,0x00000000e7380000)
 ParOldGen       total 77312K, used 15199K [0x0000000080000000, 0x0000000084b80000, 0x00000000d5580000)
  object space 77312K, 19% used [0x0000000080000000,0x0000000080ed7e88,0x0000000084b80000)
 Metaspace       used 34545K, capacity 35394K, committed 35496K, reserved 1079296K
  class space    used 4747K, capacity 4972K, committed 5040K, reserved 1048576K
}

