# JRE version: OpenJDK Runtime Environment (14.0.2+12) (build 14.0.2+12-46)
# Java VM: OpenJDK 64-Bit Server VM (14.0.2+12-46, mixed mode, sharing, tiered, compressed oops, g1 gc, windows-amd64)
Heap:
 garbage-first heap   total 125952K, used 42776K [0x0000000081600000, 0x0000000100000000)
  region size 1024K, 1 young (1024K), 1 survivors (1024K)
 Metaspace       used 28830K, capacity 29658K, committed 29948K, reserved 1075200K
  class space    used 3173K, capacity 3501K, committed 3580K, reserved 1048576K
GC Heap History (20 events):
Event: 11.276 GC heap after
{Heap after GC invocations=10 (full 0):
 garbage-first heap   total 76800K, used 32694K [0x0000000081600000, 0x0000000100000000)
  region size 1024K, 4 young (4096K), 4 survivors (4096K)
 Metaspace       used 26530K, capacity 27269K, committed 27388K, reserved 1073152K
  class space    used 2982K, capacity 3263K, committed 3324K, reserved 1048576K
}
Event: 11.456 GC heap before
{Heap before GC invocations=10 (full 0):
 garbage-first heap   total 76800K, used 57270K [0x0000000081600000, 0x0000000100000000)
  region size 1024K, 28 young (28672K), 4 survivors (4096K)
 Metaspace       used 26561K, capacity 27270K, committed 27388K, reserved 1073152K
  class space    used 2982K, capacity 3263K, committed 3324K, reserved 1048576K
}
Event: 11.469 GC heap after
{Heap after GC invocations=11 (full 0):
 garbage-first heap   total 76800K, used 34684K [0x0000000081600000, 0x0000000100000000)
  region size 1024K, 1 young (1024K), 1 survivors (1024K)
 Metaspace       used 26561K, capacity 27270K, committed 27388K, reserved 1073152K
  class space    used 2982K, capacity 3263K, committed 3324K, reserved 1048576K
}
Event: 11.474 GC heap before
{Heap before GC invocations=11 (full 0):
 garbage-first heap   total 76800K, used 58236K [0x0000000081600000, 0x0000000100000000)
  region size 1024K, 25 young (25600K), 1 survivors (1024K)
 Metaspace       used 26561K, capacity 27270K, committed 27388K, reserved 1073152K
  class space    used 2982K, capacity 3263K, committed 3324K, reserved 1048576K
}
Event: 11.475 GC heap after
{Heap after GC invocations=12 (full 0):
 garbage-first heap   total 76800K, used 34529K [0x0000000081600000, 0x0000000100000000)
  region size 1024K, 1 young (1024K), 1 survivors (1024K)
 Metaspace       used 26561K, capacity 27270K, committed 27388K, reserved 1073152K
  class space    used 2982K, capacity 3263K, committed 3324K, reserved 1048576K
}
Event: 11.695 GC heap before
{Heap before GC invocations=13 (full 0):
 garbage-first heap   total 76800K, used 59105K [0x0000000081600000, 0x0000000100000000)
  region size 1024K, 26 young (26624K), 1 survivors (1024K)
 Metaspace       used 26599K, capacity 27340K, committed 27644K, reserved 1073152K
  class space    used 2983K, capacity 3265K, committed 3324K, reserved 1048576K
}
Event: 11.699 GC heap after
{Heap after GC invocations=14 (full 0):
 garbage-first heap   total 76800K, used 39672K [0x0000000081600000, 0x0000000100000000)
  region size 1024K, 4 young (4096K), 4 survivors (4096K)
 Metaspace       used 26599K, capacity 27340K, committed 27644K, reserved 1073152K
  class space    used 2983K, capacity 3265K, committed 3324K, reserved 1048576K
}
Event: 11.757 GC heap before
{Heap before GC invocations=14 (full 0):
 garbage-first heap   total 76800K, used 42744K [0x0000000081600000, 0x0000000100000000)
  region size 1024K, 7 young (7168K), 4 survivors (4096K)
 Metaspace       used 26603K, capacity 27340K, committed 27644K, reserved 1073152K
  class space    used 2983K, capacity 3265K, committed 3324K, reserved 1048576K
}
Event: 11.770 GC heap after
{Heap after GC invocations=15 (full 0):
 garbage-first heap   total 76800K, used 35586K [0x0000000081600000, 0x0000000100000000)
  region size 1024K, 1 young (1024K), 1 survivors (1024K)
 Metaspace       used 26603K, capacity 27340K, committed 27644K, reserved 1073152K
  class space    used 2983K, capacity 3265K, committed 3324K, reserved 1048576K
}
Event: 12.025 GC heap before
{Heap before GC invocations=15 (full 0):
 garbage-first heap   total 76800K, used 57090K [0x0000000081600000, 0x0000000100000000)
  region size 1024K, 23 young (23552K), 1 survivors (1024K)
 Metaspace       used 26614K, capacity 27340K, committed 27644K, reserved 1073152K
  class space    used 2983K, capacity 3265K, committed 3324K, reserved 1048576K
}
Event: 12.034 GC heap after
{Heap after GC invocations=16 (full 0):
 garbage-first heap   total 76800K, used 39915K [0x0000000081600000, 0x0000000100000000)
  region size 1024K, 3 young (3072K), 3 survivors (3072K)
 Metaspace       used 26614K, capacity 27340K, committed 27644K, reserved 1073152K
  class space    used 2983K, capacity 3265K, committed 3324K, reserved 1048576K
}
Event: 12.245 GC heap before
{Heap before GC invocations=17 (full 0):
 garbage-first heap   total 76800K, used 57323K [0x0000000081600000, 0x0000000100000000)
  region size 1024K, 21 young (21504K), 3 survivors (3072K)
 Metaspace       used 26622K, capacity 27340K, committed 27644K, reserved 1073152K
  class space    used 2983K, capacity 3265K, committed 3324K, reserved 1048576K
}
Event: 12.255 GC heap after
{Heap after GC invocations=18 (full 0):
 garbage-first heap   total 92160K, used 44375K [0x0000000081600000, 0x0000000100000000)
  region size 1024K, 3 young (3072K), 3 survivors (3072K)
 Metaspace       used 26622K, capacity 27340K, committed 27644K, reserved 1073152K
  class space    used 2983K, capacity 3265K, committed 3324K, reserved 1048576K
}
Event: 12.256 GC heap before
{Heap before GC invocations=18 (full 0):
 garbage-first heap   total 92160K, used 45399K [0x0000000081600000, 0x0000000100000000)
  region size 1024K, 5 young (5120K), 3 survivors (3072K)
 Metaspace       used 26622K, capacity 27340K, committed 27644K, reserved 1073152K
  class space    used 2983K, capacity 3265K, committed 3324K, reserved 1048576K
}
Event: 12.267 GC heap after
{Heap after GC invocations=19 (full 0):
 garbage-first heap   total 92160K, used 38528K [0x0000000081600000, 0x0000000100000000)
  region size 1024K, 1 young (1024K), 1 survivors (1024K)
 Metaspace       used 26622K, capacity 27340K, committed 27644K, reserved 1073152K
  class space    used 2983K, capacity 3265K, committed 3324K, reserved 1048576K
}
Event: 12.282 GC heap before
{Heap before GC invocations=19 (full 0):
 garbage-first heap   total 92160K, used 65152K [0x0000000081600000, 0x0000000100000000)
  region size 1024K, 28 young (28672K), 1 survivors (1024K)
 Metaspace       used 26622K, capacity 27340K, committed 27644K, reserved 1073152K
  class space    used 2983K, capacity 3265K, committed 3324K, reserved 1048576K
}
Event: 12.288 GC heap after
{Heap after GC invocations=20 (full 0):
 garbage-first heap   total 92160K, used 38628K [0x0000000081600000, 0x0000000100000000)
  region size 1024K, 1 young (1024K), 1 survivors (1024K)
 Metaspace       used 26622K, capacity 27340K, committed 27644K, reserved 1073152K
  class space    used 2983K, capacity 3265K, committed 3324K, reserved 1048576K
}
Event: 13.577 GC heap before
{Heap before GC invocations=20 (full 0):
 garbage-first heap   total 92160K, used 70372K [0x0000000081600000, 0x0000000100000000)
  region size 1024K, 31 young (31744K), 1 survivors (1024K)
 Metaspace       used 27313K, capacity 28134K, committed 28284K, reserved 1075200K
  class space    used 3031K, capacity 3333K, committed 3452K, reserved 1048576K
}
Event: 13.589 GC heap after
{Heap after GC invocations=21 (full 0):
 garbage-first heap   total 92160K, used 41968K [0x0000000081600000, 0x0000000100000000)
  region size 1024K, 4 young (4096K), 4 survivors (4096K)
 Metaspace       used 27313K, capacity 28134K, committed 28284K, reserved 1075200K
  class space    used 3031K, capacity 3333K, committed 3452K, reserved 1048576K
}
Event: 16.523 GC heap before
{Heap before GC invocations=21 (full 0):
 garbage-first heap   total 92160K, used 70640K [0x0000000081600000, 0x0000000100000000)
  region size 1024K, 32 young (32768K), 4 survivors (4096K)
 Metaspace       used 28830K, capacity 29658K, committed 29948K, reserved 1075200K
  class space    used 3173K, capacity 3501K, committed 3580K, reserved 1048576K
}

