# JRE version: OpenJDK Runtime Environment (14.0.2+12) (build 14.0.2+12-46)
# Java VM: OpenJDK 64-Bit Server VM (14.0.2+12-46, mixed mode, sharing, tiered, compressed oops, g1 gc, windows-amd64)
Heap:
 garbage-first heap   total 112640K, used 60157K [0x0000000081600000, 0x0000000100000000)
  region size 1024K, 18 young (18432K), 1 survivors (1024K)
 Metaspace       used 28682K, capacity 29526K, committed 29692K, reserved 1075200K
  class space    used 3155K, capacity 3500K, committed 3580K, reserved 1048576K
GC Heap History (20 events):
Event: 5.042 GC heap before
{Heap before GC invocations=13 (full 0):
 garbage-first heap   total 63488K, used 47050K [0x0000000081600000, 0x0000000100000000)
  region size 1024K, 17 young (17408K), 3 survivors (3072K)
 Metaspace       used 26631K, capacity 27396K, committed 27644K, reserved 1073152K
  class space    used 2982K, capacity 3263K, committed 3324K, reserved 1048576K
}
Event: 5.049 GC heap after
{Heap after GC invocations=14 (full 0):
 garbage-first heap   total 76800K, used 33702K [0x0000000081600000, 0x0000000100000000)
  region size 1024K, 1 young (1024K), 1 survivors (1024K)
 Metaspace       used 26631K, capacity 27396K, committed 27644K, reserved 1073152K
  class space    used 2982K, capacity 3263K, committed 3324K, reserved 1048576K
}
Event: 5.127 GC heap before
{Heap before GC invocations=14 (full 0):
 garbage-first heap   total 76800K, used 58278K [0x0000000081600000, 0x0000000100000000)
  region size 1024K, 25 young (25600K), 1 survivors (1024K)
 Metaspace       used 26636K, capacity 27397K, committed 27644K, reserved 1073152K
  class space    used 2982K, capacity 3263K, committed 3324K, reserved 1048576K
}
Event: 5.129 GC heap after
{Heap after GC invocations=15 (full 0):
 garbage-first heap   total 76800K, used 34554K [0x0000000081600000, 0x0000000100000000)
  region size 1024K, 1 young (1024K), 1 survivors (1024K)
 Metaspace       used 26636K, capacity 27397K, committed 27644K, reserved 1073152K
  class space    used 2982K, capacity 3263K, committed 3324K, reserved 1048576K
}
Event: 5.199 GC heap before
{Heap before GC invocations=15 (full 0):
 garbage-first heap   total 76800K, used 58106K [0x0000000081600000, 0x0000000100000000)
  region size 1024K, 25 young (25600K), 1 survivors (1024K)
 Metaspace       used 26658K, capacity 27397K, committed 27644K, reserved 1073152K
  class space    used 2982K, capacity 3263K, committed 3324K, reserved 1048576K
}
Event: 5.201 GC heap after
{Heap after GC invocations=16 (full 0):
 garbage-first heap   total 76800K, used 35972K [0x0000000081600000, 0x0000000100000000)
  region size 1024K, 4 young (4096K), 4 survivors (4096K)
 Metaspace       used 26658K, capacity 27397K, committed 27644K, reserved 1073152K
  class space    used 2982K, capacity 3263K, committed 3324K, reserved 1048576K
}
Event: 5.416 GC heap before
{Heap before GC invocations=17 (full 0):
 garbage-first heap   total 80896K, used 58500K [0x0000000081600000, 0x0000000100000000)
  region size 1024K, 26 young (26624K), 4 survivors (4096K)
 Metaspace       used 26677K, capacity 27397K, committed 27644K, reserved 1073152K
  class space    used 2982K, capacity 3263K, committed 3324K, reserved 1048576K
}
Event: 5.427 GC heap after
{Heap after GC invocations=18 (full 0):
 garbage-first heap   total 80896K, used 44172K [0x0000000081600000, 0x0000000100000000)
  region size 1024K, 4 young (4096K), 4 survivors (4096K)
 Metaspace       used 26677K, capacity 27397K, committed 27644K, reserved 1073152K
  class space    used 2982K, capacity 3263K, committed 3324K, reserved 1048576K
}
Event: 5.437 GC heap before
{Heap before GC invocations=18 (full 0):
 garbage-first heap   total 80896K, used 44172K [0x0000000081600000, 0x0000000100000000)
  region size 1024K, 5 young (5120K), 4 survivors (4096K)
 Metaspace       used 26677K, capacity 27397K, committed 27644K, reserved 1073152K
  class space    used 2982K, capacity 3263K, committed 3324K, reserved 1048576K
}
Event: 5.450 GC heap after
{Heap after GC invocations=19 (full 0):
 garbage-first heap   total 80896K, used 40509K [0x0000000081600000, 0x0000000100000000)
  region size 1024K, 1 young (1024K), 1 survivors (1024K)
 Metaspace       used 26677K, capacity 27397K, committed 27644K, reserved 1073152K
  class space    used 2982K, capacity 3263K, committed 3324K, reserved 1048576K
}
Event: 5.646 GC heap before
{Heap before GC invocations=19 (full 0):
 garbage-first heap   total 80896K, used 58941K [0x0000000081600000, 0x0000000100000000)
  region size 1024K, 20 young (20480K), 1 survivors (1024K)
 Metaspace       used 26691K, capacity 27397K, committed 27644K, reserved 1073152K
  class space    used 2982K, capacity 3263K, committed 3324K, reserved 1048576K
}
Event: 5.650 GC heap after
{Heap after GC invocations=20 (full 0):
 garbage-first heap   total 80896K, used 44032K [0x0000000081600000, 0x0000000100000000)
  region size 1024K, 3 young (3072K), 3 survivors (3072K)
 Metaspace       used 26691K, capacity 27397K, committed 27644K, reserved 1073152K
  class space    used 2982K, capacity 3263K, committed 3324K, reserved 1048576K
}
Event: 5.794 GC heap before
{Heap before GC invocations=21 (full 0):
 garbage-first heap   total 80896K, used 51200K [0x0000000081600000, 0x0000000100000000)
  region size 1024K, 11 young (11264K), 3 survivors (3072K)
 Metaspace       used 26701K, capacity 27403K, committed 27644K, reserved 1073152K
  class space    used 2983K, capacity 3265K, committed 3324K, reserved 1048576K
}
Event: 5.803 GC heap after
{Heap after GC invocations=22 (full 0):
 garbage-first heap   total 112640K, used 46752K [0x0000000081600000, 0x0000000100000000)
  region size 1024K, 3 young (3072K), 3 survivors (3072K)
 Metaspace       used 26701K, capacity 27403K, committed 27644K, reserved 1073152K
  class space    used 2983K, capacity 3265K, committed 3324K, reserved 1048576K
}
Event: 5.832 GC heap before
{Heap before GC invocations=22 (full 0):
 garbage-first heap   total 112640K, used 84640K [0x0000000081600000, 0x0000000100000000)
  region size 1024K, 40 young (40960K), 3 survivors (3072K)
 Metaspace       used 26701K, capacity 27403K, committed 27644K, reserved 1073152K
  class space    used 2983K, capacity 3265K, committed 3324K, reserved 1048576K
}
Event: 5.835 GC heap after
{Heap after GC invocations=23 (full 0):
 garbage-first heap   total 112640K, used 48527K [0x0000000081600000, 0x0000000100000000)
  region size 1024K, 3 young (3072K), 3 survivors (3072K)
 Metaspace       used 26701K, capacity 27403K, committed 27644K, reserved 1073152K
  class space    used 2983K, capacity 3265K, committed 3324K, reserved 1048576K
}
Event: 6.314 GC heap before
{Heap before GC invocations=24 (full 0):
 garbage-first heap   total 112640K, used 87439K [0x0000000081600000, 0x0000000100000000)
  region size 1024K, 41 young (41984K), 3 survivors (3072K)
 Metaspace       used 27823K, capacity 28721K, committed 28796K, reserved 1075200K
  class space    used 3073K, capacity 3402K, committed 3452K, reserved 1048576K
}
Event: 6.323 GC heap after
{Heap after GC invocations=25 (full 0):
 garbage-first heap   total 112640K, used 52054K [0x0000000081600000, 0x0000000100000000)
  region size 1024K, 6 young (6144K), 6 survivors (6144K)
 Metaspace       used 27823K, capacity 28721K, committed 28796K, reserved 1075200K
  class space    used 3073K, capacity 3402K, committed 3452K, reserved 1048576K
}
Event: 6.338 GC heap before
{Heap before GC invocations=25 (full 0):
 garbage-first heap   total 112640K, used 53078K [0x0000000081600000, 0x0000000100000000)
  region size 1024K, 7 young (7168K), 6 survivors (6144K)
 Metaspace       used 27913K, capacity 28721K, committed 28796K, reserved 1075200K
  class space    used 3084K, capacity 3402K, committed 3452K, reserved 1048576K
}
Event: 6.349 GC heap after
{Heap after GC invocations=26 (full 0):
 garbage-first heap   total 112640K, used 43773K [0x0000000081600000, 0x0000000100000000)
  region size 1024K, 1 young (1024K), 1 survivors (1024K)
 Metaspace       used 27913K, capacity 28721K, committed 28796K, reserved 1075200K
  class space    used 3084K, capacity 3402K, committed 3452K, reserved 1048576K
}

